<?xml version="1.0" encoding="UTF-8"?>
<testsuite xmlns:xsi="http://www.w3.org/2001/XMLSchema-instance" xsi:noNamespaceSchemaLocation="https://maven.apache.org/surefire/maven-surefire-plugin/xsd/surefire-test-report.xsd" version="3.0.2" name="snix.snixtennis.SnixtennisApplicationTests" time="20.577" tests="1" errors="0" skipped="0" failures="0">
  <properties>
[...]
</properties>
  <testcase name="contextLoads" classname="snix.snixtennis.SnixtennisApplicationTests" time="0.341">
    <system-out><![CDATA[18:53:38.820 [main] INFO org.springframework.test.context.support.AnnotationConfigContextLoaderUtils -- Could not detect default configuration classes for test class [snix.snixtennis.SnixtennisApplicationTests]: SnixtennisApplicationTests does not declare any static, non-private, non-final, nested classes annotated with @Configuration.
18:53:38.943 [main] INFO org.springframework.boot.test.context.SpringBootTestContextBootstrapper -- Found @SpringBootConfiguration snix.snixtennis.SnixtennisApplication for test class snix.snixtennis.SnixtennisApplicationTests
18:53:39.138 [main] INFO org.springframework.boot.devtools.restart.RestartApplicationListener -- Restart disabled due to context in which it is running

  .   ____          _            __ _ _
 /\\ / ___'_ __ _ _(_)_ __  __ _ \ \ \ \
( ( )\___ | '_ | '_| | '_ \/ _` | \ \ \ \
 \\/  ___)| |_)| | | | | || (_| |  ) ) ) )
  '  |____| .__|_| |_|_| |_\__, | / / / /
 =========|_|==============|___/=/_/_/_/

 :: Spring Boot ::                (v3.5.0)

2025-10-01T18:53:39.448-05:00 DEBUG 19412 --- [snixTennis] [kground-preinit] o.h.v.i.xml.config.ValidationXmlParser   : Trying to load META-INF/validation.xml for XML based Validator configuration.
2025-10-01T18:53:39.451-05:00 DEBUG 19412 --- [snixTennis] [kground-preinit] o.h.v.i.xml.config.ResourceLoaderHelper  : Trying to load META-INF/validation.xml via TCCL
2025-10-01T18:53:39.451-05:00 DEBUG 19412 --- [snixTennis] [kground-preinit] o.h.v.i.xml.config.ResourceLoaderHelper  : Trying to load META-INF/validation.xml via Hibernate Validator's class loader
2025-10-01T18:53:39.452-05:00 DEBUG 19412 --- [snixTennis] [kground-preinit] o.h.v.i.xml.config.ValidationXmlParser   : No META-INF/validation.xml found. Using annotation based configuration only.
2025-10-01T18:53:39.456-05:00  INFO 19412 --- [snixTennis] [           main] s.snixtennis.SnixtennisApplicationTests  : Starting SnixtennisApplicationTests using Java 24.0.1 with PID 19412 (started by sauma in C:\Users\sauma\Documents\snixtennis)
2025-10-01T18:53:39.457-05:00 DEBUG 19412 --- [snixTennis] [kground-preinit] o.h.v.i.e.resolver.TraversableResolvers  : Found jakarta.persistence.Persistence on classpath containing 'getPersistenceUtil'. Assuming JPA 2 environment. Trying to instantiate JPA aware TraversableResolver
2025-10-01T18:53:39.457-05:00  INFO 19412 --- [snixTennis] [           main] s.snixtennis.SnixtennisApplicationTests  : No active profile set, falling back to 1 default profile: "default"
2025-10-01T18:53:39.457-05:00 DEBUG 19412 --- [snixTennis] [kground-preinit] o.h.v.i.e.resolver.TraversableResolvers  : Instantiated JPA aware TraversableResolver of type org.hibernate.validator.internal.engine.resolver.JPATraversableResolver.
2025-10-01T18:53:39.458-05:00 DEBUG 19412 --- [snixTennis] [           main] o.s.boot.SpringApplication               : Loading source class snix.snixtennis.SnixtennisApplication
2025-10-01T18:53:39.480-05:00 DEBUG 19412 --- [snixTennis] [kground-preinit] .h.v.m.ResourceBundleMessageInterpolator : Loaded expression factory via original TCCL
2025-10-01T18:53:39.490-05:00 DEBUG 19412 --- [snixTennis] [           main] o.s.w.c.s.GenericWebApplicationContext   : Refreshing org.springframework.web.context.support.GenericWebApplicationContext@49bf29c6
2025-10-01T18:53:39.576-05:00 DEBUG 19412 --- [snixTennis] [kground-preinit] .i.e.ValidatorFactoryConfigurationHelper : HV000252: Using org.hibernate.validator.internal.engine.DefaultPropertyNodeNameProvider as property node name provider.
2025-10-01T18:53:39.581-05:00 DEBUG 19412 --- [snixTennis] [kground-preinit] .i.e.ValidatorFactoryConfigurationHelper : HV000234: Using org.hibernate.validator.messageinterpolation.ResourceBundleMessageInterpolator as ValidatorFactory-scoped message interpolator.
2025-10-01T18:53:39.581-05:00 DEBUG 19412 --- [snixTennis] [kground-preinit] .i.e.ValidatorFactoryConfigurationHelper : HV000234: Using org.hibernate.validator.internal.engine.resolver.JPATraversableResolver as ValidatorFactory-scoped traversable resolver.
2025-10-01T18:53:39.581-05:00 DEBUG 19412 --- [snixTennis] [kground-preinit] .i.e.ValidatorFactoryConfigurationHelper : HV000234: Using org.hibernate.validator.internal.util.ExecutableParameterNameProvider as ValidatorFactory-scoped parameter name provider.
2025-10-01T18:53:39.581-05:00 DEBUG 19412 --- [snixTennis] [kground-preinit] .i.e.ValidatorFactoryConfigurationHelper : HV000234: Using org.hibernate.validator.internal.engine.DefaultClockProvider as ValidatorFactory-scoped clock provider.
2025-10-01T18:53:39.581-05:00 DEBUG 19412 --- [snixTennis] [kground-preinit] .i.e.ValidatorFactoryConfigurationHelper : HV000234: Using org.hibernate.validator.internal.engine.scripting.DefaultScriptEvaluatorFactory as ValidatorFactory-scoped script evaluator factory.
2025-10-01T18:53:39.878-05:00 DEBUG 19412 --- [snixTennis] [           main] ySourcesPropertyResolver$DefaultResolver : Found key 'DATABASE' in PropertySource 'systemEnvironment' with value of type String
2025-10-01T18:53:40.232-05:00  INFO 19412 --- [snixTennis] [           main] .s.d.r.c.RepositoryConfigurationDelegate : Multiple Spring Data modules found, entering strict repository configuration mode
2025-10-01T18:53:40.233-05:00  INFO 19412 --- [snixTennis] [           main] .s.d.r.c.RepositoryConfigurationDelegate : Bootstrapping Spring Data JDBC repositories in DEFAULT mode.
2025-10-01T18:53:40.251-05:00 DEBUG 19412 --- [snixTennis] [           main] o.s.b.a.AutoConfigurationPackages        : @EnableAutoConfiguration was declared on a class in the package 'snix.snixtennis'. Automatic @Repository and @Entity scanning is enabled.
2025-10-01T18:53:40.268-05:00  INFO 19412 --- [snixTennis] [           main] .RepositoryConfigurationExtensionSupport : Spring Data JDBC - Could not safely identify store assignment for repository candidate interface snix.snixtennis.repositorios.ArchivoRepositorio; If you want this repository to be a JDBC repository, consider annotating your entities with one of these annotations: org.springframework.data.relational.core.mapping.Table.
2025-10-01T18:53:40.270-05:00  INFO 19412 --- [snixTennis] [           main] .RepositoryConfigurationExtensionSupport : Spring Data JDBC - Could not safely identify store assignment for repository candidate interface snix.snixtennis.repositorios.InformacionClienteRepositorio; If you want this repository to be a JDBC repository, consider annotating your entities with one of these annotations: org.springframework.data.relational.core.mapping.Table.
2025-10-01T18:53:40.271-05:00  INFO 19412 --- [snixTennis] [           main] .RepositoryConfigurationExtensionSupport : Spring Data JDBC - Could not safely identify store assignment for repository candidate interface snix.snixtennis.repositorios.PedidoRepositorio; If you want this repository to be a JDBC repository, consider annotating your entities with one of these annotations: org.springframework.data.relational.core.mapping.Table.
2025-10-01T18:53:40.273-05:00  INFO 19412 --- [snixTennis] [           main] .RepositoryConfigurationExtensionSupport : Spring Data JDBC - Could not safely identify store assignment for repository candidate interface snix.snixtennis.repositorios.ProductoRepositorio; If you want this repository to be a JDBC repository, consider annotating your entities with one of these annotations: org.springframework.data.relational.core.mapping.Table.
2025-10-01T18:53:40.274-05:00  INFO 19412 --- [snixTennis] [           main] .RepositoryConfigurationExtensionSupport : Spring Data JDBC - Could not safely identify store assignment for repository candidate interface snix.snixtennis.repositorios.UsuarioRepositorio; If you want this repository to be a JDBC repository, consider annotating your entities with one of these annotations: org.springframework.data.relational.core.mapping.Table.
2025-10-01T18:53:40.275-05:00  INFO 19412 --- [snixTennis] [           main] .s.d.r.c.RepositoryConfigurationDelegate : Finished Spring Data repository scanning in 35 ms. Found 0 JDBC repository interfaces.
2025-10-01T18:53:40.284-05:00  INFO 19412 --- [snixTennis] [           main] .s.d.r.c.RepositoryConfigurationDelegate : Multiple Spring Data modules found, entering strict repository configuration mode
2025-10-01T18:53:40.285-05:00  INFO 19412 --- [snixTennis] [           main] .s.d.r.c.RepositoryConfigurationDelegate : Bootstrapping Spring Data JPA repositories in DEFAULT mode.
2025-10-01T18:53:40.399-05:00  INFO 19412 --- [snixTennis] [           main] .s.d.r.c.RepositoryConfigurationDelegate : Finished Spring Data repository scanning in 107 ms. Found 5 JPA repository interfaces.
2025-10-01T18:53:40.972-05:00 DEBUG 19412 --- [snixTennis] [           main] o.hibernate.jpa.internal.util.LogHelper  : PersistenceUnitInfo [
	name: default
	persistence provider classname: null
	classloader: jdk.internal.loader.ClassLoaders$AppClassLoader@11a4022a
	excludeUnlistedClasses: true
	JTA datasource: null
	Non JTA datasource: HikariDataSource (null)
	Transaction type: RESOURCE_LOCAL
	PU root URL: file:/C:/Users/sauma/Documents/snixtennis/target/test-classes/
	Shared Cache Mode: UNSPECIFIED
	Validation Mode: AUTO
	Jar files URLs []
	Managed classes names [
		snix.snixtennis.entidades.Archivo
		snix.snixtennis.entidades.Combos
		snix.snixtennis.entidades.InformacionCliente
		snix.snixtennis.entidades.Pedido
		snix.snixtennis.entidades.Producto
		snix.snixtennis.entidades.Promo
		snix.snixtennis.entidades.Role
		snix.snixtennis.entidades.Usuario]
	Mapping files names []
	Properties []
2025-10-01T18:53:40.980-05:00 DEBUG 19412 --- [snixTennis] [           main] o.h.i.internal.IntegratorServiceImpl     : Adding Integrator [org.hibernate.boot.beanvalidation.BeanValidationIntegrator].
2025-10-01T18:53:40.982-05:00 DEBUG 19412 --- [snixTennis] [           main] o.h.i.internal.IntegratorServiceImpl     : Adding Integrator [org.hibernate.cache.internal.CollectionCacheInvalidator].
2025-10-01T18:53:41.044-05:00  INFO 19412 --- [snixTennis] [           main] org.hibernate.Version                    : HHH000412: Hibernate ORM core version 6.6.15.Final
2025-10-01T18:53:41.046-05:00 DEBUG 19412 --- [snixTennis] [           main] org.hibernate.cfg.Environment            : HHH000206: 'hibernate.properties' not found
2025-10-01T18:53:41.074-05:00 DEBUG 19412 --- [snixTennis] [           main] org.hibernate.orm.idgen.factory          : Registering IdentifierGenerator strategy [uuid2] -> [org.hibernate.id.UUIDGenerator]
2025-10-01T18:53:41.075-05:00 DEBUG 19412 --- [snixTennis] [           main] org.hibernate.orm.idgen.factory          : Registering IdentifierGenerator strategy [guid] -> [org.hibernate.id.GUIDGenerator]
2025-10-01T18:53:41.076-05:00 DEBUG 19412 --- [snixTennis] [           main] org.hibernate.orm.idgen.factory          : Registering IdentifierGenerator strategy [uuid] -> [org.hibernate.id.UUIDHexGenerator]
2025-10-01T18:53:41.076-05:00 DEBUG 19412 --- [snixTennis] [           main] org.hibernate.orm.idgen.factory          : Registering IdentifierGenerator strategy [uuid.hex] -> [org.hibernate.id.UUIDHexGenerator]
2025-10-01T18:53:41.076-05:00 DEBUG 19412 --- [snixTennis] [           main] org.hibernate.orm.idgen.factory          : Registering IdentifierGenerator strategy [assigned] -> [org.hibernate.id.Assigned]
2025-10-01T18:53:41.077-05:00 DEBUG 19412 --- [snixTennis] [           main] org.hibernate.orm.idgen.factory          : Registering IdentifierGenerator strategy [identity] -> [org.hibernate.id.IdentityGenerator]
2025-10-01T18:53:41.078-05:00 DEBUG 19412 --- [snixTennis] [           main] org.hibernate.orm.idgen.factory          : Registering IdentifierGenerator strategy [select] -> [org.hibernate.id.SelectGenerator]
2025-10-01T18:53:41.079-05:00 DEBUG 19412 --- [snixTennis] [           main] org.hibernate.orm.idgen.factory          : Registering IdentifierGenerator strategy [sequence] -> [org.hibernate.id.enhanced.SequenceStyleGenerator]
2025-10-01T18:53:41.079-05:00 DEBUG 19412 --- [snixTennis] [           main] org.hibernate.orm.idgen.factory          : Registering IdentifierGenerator strategy [increment] -> [org.hibernate.id.IncrementGenerator]
2025-10-01T18:53:41.080-05:00 DEBUG 19412 --- [snixTennis] [           main] org.hibernate.orm.idgen.factory          : Registering IdentifierGenerator strategy [foreign] -> [org.hibernate.id.ForeignGenerator]
2025-10-01T18:53:41.080-05:00 DEBUG 19412 --- [snixTennis] [           main] org.hibernate.orm.idgen.factory          : Registering IdentifierGenerator strategy [enhanced-sequence] -> [org.hibernate.id.enhanced.SequenceStyleGenerator]
2025-10-01T18:53:41.081-05:00 DEBUG 19412 --- [snixTennis] [           main] org.hibernate.orm.idgen.factory          : Registering IdentifierGenerator strategy [enhanced-table] -> [org.hibernate.id.enhanced.TableGenerator]
2025-10-01T18:53:41.089-05:00 DEBUG 19412 --- [snixTennis] [           main] o.h.c.internal.RegionFactoryInitiator    : Cannot default RegionFactory based on registered strategies as `[]` RegionFactory strategies were registered
2025-10-01T18:53:41.090-05:00  INFO 19412 --- [snixTennis] [           main] o.h.c.internal.RegionFactoryInitiator    : HHH000026: Second-level cache disabled
2025-10-01T18:53:41.198-05:00 DEBUG 19412 --- [snixTennis] [           main] org.hibernate.type.BasicTypeRegistry     : Adding type registration boolean -> org.hibernate.type.BasicTypeReference@55421b8d
2025-10-01T18:53:41.199-05:00 DEBUG 19412 --- [snixTennis] [           main] org.hibernate.type.BasicTypeRegistry     : Adding type registration boolean -> org.hibernate.type.BasicTypeReference@55421b8d
2025-10-01T18:53:41.199-05:00 DEBUG 19412 --- [snixTennis] [           main] org.hibernate.type.BasicTypeRegistry     : Adding type registration java.lang.Boolean -> org.hibernate.type.BasicTypeReference@55421b8d
2025-10-01T18:53:41.199-05:00 DEBUG 19412 --- [snixTennis] [           main] org.hibernate.type.BasicTypeRegistry     : Adding type registration numeric_boolean -> org.hibernate.type.BasicTypeReference@24a04257
2025-10-01T18:53:41.199-05:00 DEBUG 19412 --- [snixTennis] [           main] org.hibernate.type.BasicTypeRegistry     : Adding type registration org.hibernate.type.NumericBooleanConverter -> org.hibernate.type.BasicTypeReference@24a04257
2025-10-01T18:53:41.199-05:00 DEBUG 19412 --- [snixTennis] [           main] org.hibernate.type.BasicTypeRegistry     : Adding type registration true_false -> org.hibernate.type.BasicTypeReference@6615237
2025-10-01T18:53:41.199-05:00 DEBUG 19412 --- [snixTennis] [           main] org.hibernate.type.BasicTypeRegistry     : Adding type registration org.hibernate.type.TrueFalseConverter -> org.hibernate.type.BasicTypeReference@6615237
2025-10-01T18:53:41.199-05:00 DEBUG 19412 --- [snixTennis] [           main] org.hibernate.type.BasicTypeRegistry     : Adding type registration yes_no -> org.hibernate.type.BasicTypeReference@eaf8427
2025-10-01T18:53:41.199-05:00 DEBUG 19412 --- [snixTennis] [           main] org.hibernate.type.BasicTypeRegistry     : Adding type registration org.hibernate.type.YesNoConverter -> org.hibernate.type.BasicTypeReference@eaf8427
2025-10-01T18:53:41.200-05:00 DEBUG 19412 --- [snixTennis] [           main] org.hibernate.type.BasicTypeRegistry     : Adding type registration byte -> org.hibernate.type.BasicTypeReference@4bf4680c
2025-10-01T18:53:41.200-05:00 DEBUG 19412 --- [snixTennis] [           main] org.hibernate.type.BasicTypeRegistry     : Adding type registration byte -> org.hibernate.type.BasicTypeReference@4bf4680c
2025-10-01T18:53:41.200-05:00 DEBUG 19412 --- [snixTennis] [           main] org.hibernate.type.BasicTypeRegistry     : Adding type registration java.lang.Byte -> org.hibernate.type.BasicTypeReference@4bf4680c
2025-10-01T18:53:41.200-05:00 DEBUG 19412 --- [snixTennis] [           main] org.hibernate.type.BasicTypeRegistry     : Adding type registration binary -> org.hibernate.type.BasicTypeReference@6d6039df
2025-10-01T18:53:41.200-05:00 DEBUG 19412 --- [snixTennis] [           main] org.hibernate.type.BasicTypeRegistry     : Adding type registration byte[] -> org.hibernate.type.BasicTypeReference@6d6039df
2025-10-01T18:53:41.200-05:00 DEBUG 19412 --- [snixTennis] [           main] org.hibernate.type.BasicTypeRegistry     : Adding type registration [B -> org.hibernate.type.BasicTypeReference@6d6039df
2025-10-01T18:53:41.200-05:00 DEBUG 19412 --- [snixTennis] [           main] org.hibernate.type.BasicTypeRegistry     : Adding type registration binary_wrapper -> org.hibernate.type.BasicTypeReference@611c3eae
2025-10-01T18:53:41.200-05:00 DEBUG 19412 --- [snixTennis] [           main] org.hibernate.type.BasicTypeRegistry     : Adding type registration wrapper-binary -> org.hibernate.type.BasicTypeReference@611c3eae
2025-10-01T18:53:41.200-05:00 DEBUG 19412 --- [snixTennis] [           main] org.hibernate.type.BasicTypeRegistry     : Adding type registration image -> org.hibernate.type.BasicTypeReference@13e00016
2025-10-01T18:53:41.200-05:00 DEBUG 19412 --- [snixTennis] [           main] org.hibernate.type.BasicTypeRegistry     : Adding type registration blob -> org.hibernate.type.BasicTypeReference@7b3cbe6e
2025-10-01T18:53:41.200-05:00 DEBUG 19412 --- [snixTennis] [           main] org.hibernate.type.BasicTypeRegistry     : Adding type registration java.sql.Blob -> org.hibernate.type.BasicTypeReference@7b3cbe6e
2025-10-01T18:53:41.201-05:00 DEBUG 19412 --- [snixTennis] [           main] org.hibernate.type.BasicTypeRegistry     : Adding type registration materialized_blob -> org.hibernate.type.BasicTypeReference@177ede17
2025-10-01T18:53:41.201-05:00 DEBUG 19412 --- [snixTennis] [           main] org.hibernate.type.BasicTypeRegistry     : Adding type registration materialized_blob_wrapper -> org.hibernate.type.BasicTypeReference@17176b18
2025-10-01T18:53:41.201-05:00 DEBUG 19412 --- [snixTennis] [           main] org.hibernate.type.BasicTypeRegistry     : Adding type registration short -> org.hibernate.type.BasicTypeReference@4e4395c
2025-10-01T18:53:41.201-05:00 DEBUG 19412 --- [snixTennis] [           main] org.hibernate.type.BasicTypeRegistry     : Adding type registration short -> org.hibernate.type.BasicTypeReference@4e4395c
2025-10-01T18:53:41.201-05:00 DEBUG 19412 --- [snixTennis] [           main] org.hibernate.type.BasicTypeRegistry     : Adding type registration java.lang.Short -> org.hibernate.type.BasicTypeReference@4e4395c
2025-10-01T18:53:41.201-05:00 DEBUG 19412 --- [snixTennis] [           main] org.hibernate.type.BasicTypeRegistry     : Adding type registration integer -> org.hibernate.type.BasicTypeReference@1ab53860
2025-10-01T18:53:41.201-05:00 DEBUG 19412 --- [snixTennis] [           main] org.hibernate.type.BasicTypeRegistry     : Adding type registration int -> org.hibernate.type.BasicTypeReference@1ab53860
2025-10-01T18:53:41.201-05:00 DEBUG 19412 --- [snixTennis] [           main] org.hibernate.type.BasicTypeRegistry     : Adding type registration java.lang.Integer -> org.hibernate.type.BasicTypeReference@1ab53860
2025-10-01T18:53:41.201-05:00 DEBUG 19412 --- [snixTennis] [           main] org.hibernate.type.BasicTypeRegistry     : Adding type registration long -> org.hibernate.type.BasicTypeReference@7b5ac347
2025-10-01T18:53:41.201-05:00 DEBUG 19412 --- [snixTennis] [           main] org.hibernate.type.BasicTypeRegistry     : Adding type registration long -> org.hibernate.type.BasicTypeReference@7b5ac347
2025-10-01T18:53:41.202-05:00 DEBUG 19412 --- [snixTennis] [           main] org.hibernate.type.BasicTypeRegistry     : Adding type registration java.lang.Long -> org.hibernate.type.BasicTypeReference@7b5ac347
2025-10-01T18:53:41.202-05:00 DEBUG 19412 --- [snixTennis] [           main] org.hibernate.type.BasicTypeRegistry     : Adding type registration float -> org.hibernate.type.BasicTypeReference@57b9389f
2025-10-01T18:53:41.202-05:00 DEBUG 19412 --- [snixTennis] [           main] org.hibernate.type.BasicTypeRegistry     : Adding type registration float -> org.hibernate.type.BasicTypeReference@57b9389f
2025-10-01T18:53:41.202-05:00 DEBUG 19412 --- [snixTennis] [           main] org.hibernate.type.BasicTypeRegistry     : Adding type registration java.lang.Float -> org.hibernate.type.BasicTypeReference@57b9389f
2025-10-01T18:53:41.202-05:00 DEBUG 19412 --- [snixTennis] [           main] org.hibernate.type.BasicTypeRegistry     : Adding type registration double -> org.hibernate.type.BasicTypeReference@72b2c5ed
2025-10-01T18:53:41.202-05:00 DEBUG 19412 --- [snixTennis] [           main] org.hibernate.type.BasicTypeRegistry     : Adding type registration double -> org.hibernate.type.BasicTypeReference@72b2c5ed
2025-10-01T18:53:41.202-05:00 DEBUG 19412 --- [snixTennis] [           main] org.hibernate.type.BasicTypeRegistry     : Adding type registration java.lang.Double -> org.hibernate.type.BasicTypeReference@72b2c5ed
2025-10-01T18:53:41.202-05:00 DEBUG 19412 --- [snixTennis] [           main] org.hibernate.type.BasicTypeRegistry     : Adding type registration big_integer -> org.hibernate.type.BasicTypeReference@41f785e3
2025-10-01T18:53:41.202-05:00 DEBUG 19412 --- [snixTennis] [           main] org.hibernate.type.BasicTypeRegistry     : Adding type registration java.math.BigInteger -> org.hibernate.type.BasicTypeReference@41f785e3
2025-10-01T18:53:41.202-05:00 DEBUG 19412 --- [snixTennis] [           main] org.hibernate.type.BasicTypeRegistry     : Adding type registration big_decimal -> org.hibernate.type.BasicTypeReference@6c9a3661
2025-10-01T18:53:41.202-05:00 DEBUG 19412 --- [snixTennis] [           main] org.hibernate.type.BasicTypeRegistry     : Adding type registration java.math.BigDecimal -> org.hibernate.type.BasicTypeReference@6c9a3661
2025-10-01T18:53:41.203-05:00 DEBUG 19412 --- [snixTennis] [           main] org.hibernate.type.BasicTypeRegistry     : Adding type registration character -> org.hibernate.type.BasicTypeReference@727986ad
2025-10-01T18:53:41.203-05:00 DEBUG 19412 --- [snixTennis] [           main] org.hibernate.type.BasicTypeRegistry     : Adding type registration char -> org.hibernate.type.BasicTypeReference@727986ad
2025-10-01T18:53:41.203-05:00 DEBUG 19412 --- [snixTennis] [           main] org.hibernate.type.BasicTypeRegistry     : Adding type registration java.lang.Character -> org.hibernate.type.BasicTypeReference@727986ad
2025-10-01T18:53:41.203-05:00 DEBUG 19412 --- [snixTennis] [           main] org.hibernate.type.BasicTypeRegistry     : Adding type registration character_nchar -> org.hibernate.type.BasicTypeReference@1600a8a2
2025-10-01T18:53:41.203-05:00 DEBUG 19412 --- [snixTennis] [           main] org.hibernate.type.BasicTypeRegistry     : Adding type registration string -> org.hibernate.type.BasicTypeReference@6b25ef1c
2025-10-01T18:53:41.203-05:00 DEBUG 19412 --- [snixTennis] [           main] org.hibernate.type.BasicTypeRegistry     : Adding type registration java.lang.String -> org.hibernate.type.BasicTypeReference@6b25ef1c
2025-10-01T18:53:41.203-05:00 DEBUG 19412 --- [snixTennis] [           main] org.hibernate.type.BasicTypeRegistry     : Adding type registration nstring -> org.hibernate.type.BasicTypeReference@56b1e527
2025-10-01T18:53:41.203-05:00 DEBUG 19412 --- [snixTennis] [           main] org.hibernate.type.BasicTypeRegistry     : Adding type registration characters -> org.hibernate.type.BasicTypeReference@68c34db2
2025-10-01T18:53:41.203-05:00 DEBUG 19412 --- [snixTennis] [           main] org.hibernate.type.BasicTypeRegistry     : Adding type registration char[] -> org.hibernate.type.BasicTypeReference@68c34db2
2025-10-01T18:53:41.203-05:00 DEBUG 19412 --- [snixTennis] [           main] org.hibernate.type.BasicTypeRegistry     : Adding type registration [C -> org.hibernate.type.BasicTypeReference@68c34db2
2025-10-01T18:53:41.204-05:00 DEBUG 19412 --- [snixTennis] [           main] org.hibernate.type.BasicTypeRegistry     : Adding type registration wrapper-characters -> org.hibernate.type.BasicTypeReference@7b95bdb0
2025-10-01T18:53:41.204-05:00 DEBUG 19412 --- [snixTennis] [           main] org.hibernate.type.BasicTypeRegistry     : Adding type registration text -> org.hibernate.type.BasicTypeReference@3f0ce0d1
2025-10-01T18:53:41.204-05:00 DEBUG 19412 --- [snixTennis] [           main] org.hibernate.type.BasicTypeRegistry     : Adding type registration ntext -> org.hibernate.type.BasicTypeReference@664db2ca
2025-10-01T18:53:41.204-05:00 DEBUG 19412 --- [snixTennis] [           main] org.hibernate.type.BasicTypeRegistry     : Adding type registration clob -> org.hibernate.type.BasicTypeReference@1491cd6c
2025-10-01T18:53:41.204-05:00 DEBUG 19412 --- [snixTennis] [           main] org.hibernate.type.BasicTypeRegistry     : Adding type registration java.sql.Clob -> org.hibernate.type.BasicTypeReference@1491cd6c
2025-10-01T18:53:41.204-05:00 DEBUG 19412 --- [snixTennis] [           main] org.hibernate.type.BasicTypeRegistry     : Adding type registration nclob -> org.hibernate.type.BasicTypeReference@423f8a73
2025-10-01T18:53:41.204-05:00 DEBUG 19412 --- [snixTennis] [           main] org.hibernate.type.BasicTypeRegistry     : Adding type registration java.sql.NClob -> org.hibernate.type.BasicTypeReference@423f8a73
2025-10-01T18:53:41.204-05:00 DEBUG 19412 --- [snixTennis] [           main] org.hibernate.type.BasicTypeRegistry     : Adding type registration materialized_clob -> org.hibernate.type.BasicTypeReference@1aedf08d
2025-10-01T18:53:41.204-05:00 DEBUG 19412 --- [snixTennis] [           main] org.hibernate.type.BasicTypeRegistry     : Adding type registration materialized_clob_char_array -> org.hibernate.type.BasicTypeReference@113dcaf8
2025-10-01T18:53:41.204-05:00 DEBUG 19412 --- [snixTennis] [           main] org.hibernate.type.BasicTypeRegistry     : Adding type registration materialized_clob_character_array -> org.hibernate.type.BasicTypeReference@b5d9f1e
2025-10-01T18:53:41.204-05:00 DEBUG 19412 --- [snixTennis] [           main] org.hibernate.type.BasicTypeRegistry     : Adding type registration materialized_nclob -> org.hibernate.type.BasicTypeReference@350ff014
2025-10-01T18:53:41.205-05:00 DEBUG 19412 --- [snixTennis] [           main] org.hibernate.type.BasicTypeRegistry     : Adding type registration materialized_nclob_character_array -> org.hibernate.type.BasicTypeReference@401317a0
2025-10-01T18:53:41.205-05:00 DEBUG 19412 --- [snixTennis] [           main] org.hibernate.type.BasicTypeRegistry     : Adding type registration materialized_nclob_char_array -> org.hibernate.type.BasicTypeReference@3f866f50
2025-10-01T18:53:41.205-05:00 DEBUG 19412 --- [snixTennis] [           main] org.hibernate.type.BasicTypeRegistry     : Adding type registration Duration -> org.hibernate.type.BasicTypeReference@5844a2d1
2025-10-01T18:53:41.205-05:00 DEBUG 19412 --- [snixTennis] [           main] org.hibernate.type.BasicTypeRegistry     : Adding type registration java.time.Duration -> org.hibernate.type.BasicTypeReference@5844a2d1
2025-10-01T18:53:41.205-05:00 DEBUG 19412 --- [snixTennis] [           main] org.hibernate.type.BasicTypeRegistry     : Adding type registration LocalDateTime -> org.hibernate.type.BasicTypeReference@1201769d
2025-10-01T18:53:41.205-05:00 DEBUG 19412 --- [snixTennis] [           main] org.hibernate.type.BasicTypeRegistry     : Adding type registration java.time.LocalDateTime -> org.hibernate.type.BasicTypeReference@1201769d
2025-10-01T18:53:41.205-05:00 DEBUG 19412 --- [snixTennis] [           main] org.hibernate.type.BasicTypeRegistry     : Adding type registration LocalDate -> org.hibernate.type.BasicTypeReference@4af7dd6a
2025-10-01T18:53:41.205-05:00 DEBUG 19412 --- [snixTennis] [           main] org.hibernate.type.BasicTypeRegistry     : Adding type registration java.time.LocalDate -> org.hibernate.type.BasicTypeReference@4af7dd6a
2025-10-01T18:53:41.206-05:00 DEBUG 19412 --- [snixTennis] [           main] org.hibernate.type.BasicTypeRegistry     : Adding type registration LocalTime -> org.hibernate.type.BasicTypeReference@4607d78b
2025-10-01T18:53:41.206-05:00 DEBUG 19412 --- [snixTennis] [           main] org.hibernate.type.BasicTypeRegistry     : Adding type registration java.time.LocalTime -> org.hibernate.type.BasicTypeReference@4607d78b
2025-10-01T18:53:41.206-05:00 DEBUG 19412 --- [snixTennis] [           main] org.hibernate.type.BasicTypeRegistry     : Adding type registration OffsetDateTime -> org.hibernate.type.BasicTypeReference@3b28b7b0
2025-10-01T18:53:41.206-05:00 DEBUG 19412 --- [snixTennis] [           main] org.hibernate.type.BasicTypeRegistry     : Adding type registration java.time.OffsetDateTime -> org.hibernate.type.BasicTypeReference@3b28b7b0
2025-10-01T18:53:41.206-05:00 DEBUG 19412 --- [snixTennis] [           main] org.hibernate.type.BasicTypeRegistry     : Adding type registration OffsetDateTimeWithTimezone -> org.hibernate.type.BasicTypeReference@22048bd6
2025-10-01T18:53:41.206-05:00 DEBUG 19412 --- [snixTennis] [           main] org.hibernate.type.BasicTypeRegistry     : Adding type registration OffsetDateTimeWithoutTimezone -> org.hibernate.type.BasicTypeReference@566c1e71
2025-10-01T18:53:41.206-05:00 DEBUG 19412 --- [snixTennis] [           main] org.hibernate.type.BasicTypeRegistry     : Adding type registration OffsetTime -> org.hibernate.type.BasicTypeReference@2e2f20b8
2025-10-01T18:53:41.206-05:00 DEBUG 19412 --- [snixTennis] [           main] org.hibernate.type.BasicTypeRegistry     : Adding type registration java.time.OffsetTime -> org.hibernate.type.BasicTypeReference@2e2f20b8
2025-10-01T18:53:41.206-05:00 DEBUG 19412 --- [snixTennis] [           main] org.hibernate.type.BasicTypeRegistry     : Adding type registration OffsetTimeUtc -> org.hibernate.type.BasicTypeReference@504497fa
2025-10-01T18:53:41.206-05:00 DEBUG 19412 --- [snixTennis] [           main] org.hibernate.type.BasicTypeRegistry     : Adding type registration OffsetTimeWithTimezone -> org.hibernate.type.BasicTypeReference@5618fc1f
2025-10-01T18:53:41.206-05:00 DEBUG 19412 --- [snixTennis] [           main] org.hibernate.type.BasicTypeRegistry     : Adding type registration OffsetTimeWithoutTimezone -> org.hibernate.type.BasicTypeReference@60b1ff3b
2025-10-01T18:53:41.206-05:00 DEBUG 19412 --- [snixTennis] [           main] org.hibernate.type.BasicTypeRegistry     : Adding type registration ZonedDateTime -> org.hibernate.type.BasicTypeReference@374c3975
2025-10-01T18:53:41.206-05:00 DEBUG 19412 --- [snixTennis] [           main] org.hibernate.type.BasicTypeRegistry     : Adding type registration java.time.ZonedDateTime -> org.hibernate.type.BasicTypeReference@374c3975
2025-10-01T18:53:41.207-05:00 DEBUG 19412 --- [snixTennis] [           main] org.hibernate.type.BasicTypeRegistry     : Adding type registration ZonedDateTimeWithTimezone -> org.hibernate.type.BasicTypeReference@43c39321
2025-10-01T18:53:41.207-05:00 DEBUG 19412 --- [snixTennis] [           main] org.hibernate.type.BasicTypeRegistry     : Adding type registration ZonedDateTimeWithoutTimezone -> org.hibernate.type.BasicTypeReference@52aa7742
2025-10-01T18:53:41.207-05:00 DEBUG 19412 --- [snixTennis] [           main] org.hibernate.type.BasicTypeRegistry     : Adding type registration date -> org.hibernate.type.BasicTypeReference@3d0d120b
2025-10-01T18:53:41.207-05:00 DEBUG 19412 --- [snixTennis] [           main] org.hibernate.type.BasicTypeRegistry     : Adding type registration java.sql.Date -> org.hibernate.type.BasicTypeReference@3d0d120b
2025-10-01T18:53:41.207-05:00 DEBUG 19412 --- [snixTennis] [           main] org.hibernate.type.BasicTypeRegistry     : Adding type registration time -> org.hibernate.type.BasicTypeReference@6b5c134e
2025-10-01T18:53:41.207-05:00 DEBUG 19412 --- [snixTennis] [           main] org.hibernate.type.BasicTypeRegistry     : Adding type registration java.sql.Time -> org.hibernate.type.BasicTypeReference@6b5c134e
2025-10-01T18:53:41.207-05:00 DEBUG 19412 --- [snixTennis] [           main] org.hibernate.type.BasicTypeRegistry     : Adding type registration timestamp -> org.hibernate.type.BasicTypeReference@34d9df9f
2025-10-01T18:53:41.207-05:00 DEBUG 19412 --- [snixTennis] [           main] org.hibernate.type.BasicTypeRegistry     : Adding type registration java.sql.Timestamp -> org.hibernate.type.BasicTypeReference@34d9df9f
2025-10-01T18:53:41.207-05:00 DEBUG 19412 --- [snixTennis] [           main] org.hibernate.type.BasicTypeRegistry     : Adding type registration java.util.Date -> org.hibernate.type.BasicTypeReference@34d9df9f
2025-10-01T18:53:41.207-05:00 DEBUG 19412 --- [snixTennis] [           main] org.hibernate.type.BasicTypeRegistry     : Adding type registration calendar -> org.hibernate.type.BasicTypeReference@35c8be21
2025-10-01T18:53:41.207-05:00 DEBUG 19412 --- [snixTennis] [           main] org.hibernate.type.BasicTypeRegistry     : Adding type registration java.util.Calendar -> org.hibernate.type.BasicTypeReference@35c8be21
2025-10-01T18:53:41.207-05:00 DEBUG 19412 --- [snixTennis] [           main] org.hibernate.type.BasicTypeRegistry     : Adding type registration java.util.GregorianCalendar -> org.hibernate.type.BasicTypeReference@35c8be21
2025-10-01T18:53:41.208-05:00 DEBUG 19412 --- [snixTennis] [           main] org.hibernate.type.BasicTypeRegistry     : Adding type registration calendar_date -> org.hibernate.type.BasicTypeReference@60807fd9
2025-10-01T18:53:41.208-05:00 DEBUG 19412 --- [snixTennis] [           main] org.hibernate.type.BasicTypeRegistry     : Adding type registration calendar_time -> org.hibernate.type.BasicTypeReference@1192c925
2025-10-01T18:53:41.208-05:00 DEBUG 19412 --- [snixTennis] [           main] org.hibernate.type.BasicTypeRegistry     : Adding type registration instant -> org.hibernate.type.BasicTypeReference@615b5480
2025-10-01T18:53:41.208-05:00 DEBUG 19412 --- [snixTennis] [           main] org.hibernate.type.BasicTypeRegistry     : Adding type registration java.time.Instant -> org.hibernate.type.BasicTypeReference@615b5480
2025-10-01T18:53:41.208-05:00 DEBUG 19412 --- [snixTennis] [           main] org.hibernate.type.BasicTypeRegistry     : Adding type registration uuid -> org.hibernate.type.BasicTypeReference@24691c5
2025-10-01T18:53:41.208-05:00 DEBUG 19412 --- [snixTennis] [           main] org.hibernate.type.BasicTypeRegistry     : Adding type registration java.util.UUID -> org.hibernate.type.BasicTypeReference@24691c5
2025-10-01T18:53:41.209-05:00 DEBUG 19412 --- [snixTennis] [           main] org.hibernate.type.BasicTypeRegistry     : Adding type registration pg-uuid -> org.hibernate.type.BasicTypeReference@24691c5
2025-10-01T18:53:41.209-05:00 DEBUG 19412 --- [snixTennis] [           main] org.hibernate.type.BasicTypeRegistry     : Adding type registration uuid-binary -> org.hibernate.type.BasicTypeReference@7b91d9f
2025-10-01T18:53:41.209-05:00 DEBUG 19412 --- [snixTennis] [           main] org.hibernate.type.BasicTypeRegistry     : Adding type registration uuid-char -> org.hibernate.type.BasicTypeReference@6537ac
2025-10-01T18:53:41.209-05:00 DEBUG 19412 --- [snixTennis] [           main] org.hibernate.type.BasicTypeRegistry     : Adding type registration class -> org.hibernate.type.BasicTypeReference@3b218c74
2025-10-01T18:53:41.209-05:00 DEBUG 19412 --- [snixTennis] [           main] org.hibernate.type.BasicTypeRegistry     : Adding type registration java.lang.Class -> org.hibernate.type.BasicTypeReference@3b218c74
2025-10-01T18:53:41.209-05:00 DEBUG 19412 --- [snixTennis] [           main] org.hibernate.type.BasicTypeRegistry     : Adding type registration currency -> org.hibernate.type.BasicTypeReference@ddffa6c
2025-10-01T18:53:41.209-05:00 DEBUG 19412 --- [snixTennis] [           main] org.hibernate.type.BasicTypeRegistry     : Adding type registration Currency -> org.hibernate.type.BasicTypeReference@ddffa6c
2025-10-01T18:53:41.209-05:00 DEBUG 19412 --- [snixTennis] [           main] org.hibernate.type.BasicTypeRegistry     : Adding type registration java.util.Currency -> org.hibernate.type.BasicTypeReference@ddffa6c
2025-10-01T18:53:41.209-05:00 DEBUG 19412 --- [snixTennis] [           main] org.hibernate.type.BasicTypeRegistry     : Adding type registration locale -> org.hibernate.type.BasicTypeReference@42c54bad
2025-10-01T18:53:41.209-05:00 DEBUG 19412 --- [snixTennis] [           main] org.hibernate.type.BasicTypeRegistry     : Adding type registration java.util.Locale -> org.hibernate.type.BasicTypeReference@42c54bad
2025-10-01T18:53:41.209-05:00 DEBUG 19412 --- [snixTennis] [           main] org.hibernate.type.BasicTypeRegistry     : Adding type registration serializable -> org.hibernate.type.BasicTypeReference@6bb4cc0e
2025-10-01T18:53:41.209-05:00 DEBUG 19412 --- [snixTennis] [           main] org.hibernate.type.BasicTypeRegistry     : Adding type registration java.io.Serializable -> org.hibernate.type.BasicTypeReference@6bb4cc0e
2025-10-01T18:53:41.209-05:00 DEBUG 19412 --- [snixTennis] [           main] org.hibernate.type.BasicTypeRegistry     : Adding type registration timezone -> org.hibernate.type.BasicTypeReference@5cc1bf20
2025-10-01T18:53:41.210-05:00 DEBUG 19412 --- [snixTennis] [           main] org.hibernate.type.BasicTypeRegistry     : Adding type registration java.util.TimeZone -> org.hibernate.type.BasicTypeReference@5cc1bf20
2025-10-01T18:53:41.210-05:00 DEBUG 19412 --- [snixTennis] [           main] org.hibernate.type.BasicTypeRegistry     : Adding type registration ZoneOffset -> org.hibernate.type.BasicTypeReference@2e3f324e
2025-10-01T18:53:41.210-05:00 DEBUG 19412 --- [snixTennis] [           main] org.hibernate.type.BasicTypeRegistry     : Adding type registration java.time.ZoneOffset -> org.hibernate.type.BasicTypeReference@2e3f324e
2025-10-01T18:53:41.210-05:00 DEBUG 19412 --- [snixTennis] [           main] org.hibernate.type.BasicTypeRegistry     : Adding type registration url -> org.hibernate.type.BasicTypeReference@46cf8c07
2025-10-01T18:53:41.210-05:00 DEBUG 19412 --- [snixTennis] [           main] org.hibernate.type.BasicTypeRegistry     : Adding type registration java.net.URL -> org.hibernate.type.BasicTypeReference@46cf8c07
2025-10-01T18:53:41.210-05:00 DEBUG 19412 --- [snixTennis] [           main] org.hibernate.type.BasicTypeRegistry     : Adding type registration vector -> org.hibernate.type.BasicTypeReference@b56ec6c
2025-10-01T18:53:41.210-05:00 DEBUG 19412 --- [snixTennis] [           main] org.hibernate.type.BasicTypeRegistry     : Adding type registration float_vector -> org.hibernate.type.BasicTypeReference@5abf6a99
2025-10-01T18:53:41.210-05:00 DEBUG 19412 --- [snixTennis] [           main] org.hibernate.type.BasicTypeRegistry     : Adding type registration double_vector -> org.hibernate.type.BasicTypeReference@dc59ec2
2025-10-01T18:53:41.210-05:00 DEBUG 19412 --- [snixTennis] [           main] org.hibernate.type.BasicTypeRegistry     : Adding type registration byte_vector -> org.hibernate.type.BasicTypeReference@375084c9
2025-10-01T18:53:41.210-05:00 DEBUG 19412 --- [snixTennis] [           main] org.hibernate.type.BasicTypeRegistry     : Adding type registration row_version -> org.hibernate.type.BasicTypeReference@bd93bc3
2025-10-01T18:53:41.215-05:00 DEBUG 19412 --- [snixTennis] [           main] org.hibernate.type.BasicTypeRegistry     : Adding type registration object -> org.hibernate.type.JavaObjectType@2bcda694
2025-10-01T18:53:41.215-05:00 DEBUG 19412 --- [snixTennis] [           main] org.hibernate.type.BasicTypeRegistry     : Adding type registration java.lang.Object -> org.hibernate.type.JavaObjectType@2bcda694
2025-10-01T18:53:41.216-05:00 DEBUG 19412 --- [snixTennis] [           main] org.hibernate.type.BasicTypeRegistry     : Adding type registration null -> org.hibernate.type.NullType@3a38e4dc
2025-10-01T18:53:41.216-05:00 DEBUG 19412 --- [snixTennis] [           main] org.hibernate.type.BasicTypeRegistry     : Adding type registration imm_date -> org.hibernate.type.BasicTypeReference@41fc0084
2025-10-01T18:53:41.216-05:00 DEBUG 19412 --- [snixTennis] [           main] org.hibernate.type.BasicTypeRegistry     : Adding type registration imm_time -> org.hibernate.type.BasicTypeReference@401788d5
2025-10-01T18:53:41.216-05:00 DEBUG 19412 --- [snixTennis] [           main] org.hibernate.type.BasicTypeRegistry     : Adding type registration imm_timestamp -> org.hibernate.type.BasicTypeReference@3ec9f8d
2025-10-01T18:53:41.216-05:00 DEBUG 19412 --- [snixTennis] [           main] org.hibernate.type.BasicTypeRegistry     : Adding type registration imm_calendar -> org.hibernate.type.BasicTypeReference@7e0f9528
2025-10-01T18:53:41.216-05:00 DEBUG 19412 --- [snixTennis] [           main] org.hibernate.type.BasicTypeRegistry     : Adding type registration imm_calendar_date -> org.hibernate.type.BasicTypeReference@5f56424d
2025-10-01T18:53:41.217-05:00 DEBUG 19412 --- [snixTennis] [           main] org.hibernate.type.BasicTypeRegistry     : Adding type registration imm_calendar_time -> org.hibernate.type.BasicTypeReference@237b2852
2025-10-01T18:53:41.217-05:00 DEBUG 19412 --- [snixTennis] [           main] org.hibernate.type.BasicTypeRegistry     : Adding type registration imm_binary -> org.hibernate.type.BasicTypeReference@448cdb47
2025-10-01T18:53:41.217-05:00 DEBUG 19412 --- [snixTennis] [           main] org.hibernate.type.BasicTypeRegistry     : Adding type registration imm_serializable -> org.hibernate.type.BasicTypeReference@4628a02b
2025-10-01T18:53:41.223-05:00 DEBUG 19412 --- [snixTennis] [           main] o.h.boot.internal.BootstrapContextImpl   : Injecting JPA temp ClassLoader [org.springframework.instrument.classloading.SimpleThrowawayClassLoader@1f949ab9] into BootstrapContext; was [null]
2025-10-01T18:53:41.223-05:00 DEBUG 19412 --- [snixTennis] [           main] o.h.boot.internal.ClassLoaderAccessImpl  : ClassLoaderAccessImpl#injectTempClassLoader(org.springframework.instrument.classloading.SimpleThrowawayClassLoader@1f949ab9) [was null]
2025-10-01T18:53:41.223-05:00 DEBUG 19412 --- [snixTennis] [           main] o.h.boot.internal.BootstrapContextImpl   : Injecting ScanEnvironment [org.hibernate.jpa.boot.internal.StandardJpaScanEnvironmentImpl@39f42d0e] into BootstrapContext; was [null]
2025-10-01T18:53:41.223-05:00 DEBUG 19412 --- [snixTennis] [           main] o.h.boot.internal.BootstrapContextImpl   : Injecting ScanOptions [org.hibernate.boot.archive.scan.internal.StandardScanOptions@47a3d56a] into BootstrapContext; was [org.hibernate.boot.archive.scan.internal.StandardScanOptions@3a209918]
2025-10-01T18:53:41.241-05:00 DEBUG 19412 --- [snixTennis] [           main] o.h.j.b.i.PersistenceUnitInfoDescriptor  : Pushing class transformers for PU named 'default' on loading classloader jdk.internal.loader.ClassLoaders$AppClassLoader@11a4022a
2025-10-01T18:53:41.442-05:00  INFO 19412 --- [snixTennis] [           main] o.s.o.j.p.SpringPersistenceUnitInfo      : No LoadTimeWeaver setup: ignoring JPA class transformer
2025-10-01T18:53:41.442-05:00 DEBUG 19412 --- [snixTennis] [           main] o.h.boot.internal.BootstrapContextImpl   : Injecting JPA temp ClassLoader [null] into BootstrapContext; was [org.springframework.instrument.classloading.SimpleThrowawayClassLoader@1f949ab9]
2025-10-01T18:53:41.442-05:00 DEBUG 19412 --- [snixTennis] [           main] o.h.boot.internal.ClassLoaderAccessImpl  : ClassLoaderAccessImpl#injectTempClassLoader(null) [was org.springframework.instrument.classloading.SimpleThrowawayClassLoader@1f949ab9]
2025-10-01T18:53:41.478-05:00  INFO 19412 --- [snixTennis] [           main] com.zaxxer.hikari.HikariDataSource       : HikariPool-1 - Starting...
2025-10-01T18:53:44.103-05:00  INFO 19412 --- [snixTennis] [           main] com.zaxxer.hikari.pool.HikariPool        : HikariPool-1 - Added connection com.mysql.cj.jdbc.ConnectionImpl@ad5cffa
2025-10-01T18:53:44.106-05:00  INFO 19412 --- [snixTennis] [           main] com.zaxxer.hikari.HikariDataSource       : HikariPool-1 - Start completed.
2025-10-01T18:53:44.112-05:00 DEBUG 19412 --- [snixTennis] [           main] o.h.e.j.e.i.JdbcEnvironmentInitiator     : Database ->
	   name : MySQL
	version : 11.8.3-MariaDB-log
	  major : 11
	  minor : 8
2025-10-01T18:53:44.112-05:00 DEBUG 19412 --- [snixTennis] [           main] o.h.e.j.e.i.JdbcEnvironmentInitiator     : Driver ->
	   name : MySQL Connector/J
	version : mysql-connector-j-9.2.0 (Revision: a3909bfeb62d5a517ab444bb88ba7ecf26100297)
	  major : 9
	  minor : 2
2025-10-01T18:53:44.112-05:00 DEBUG 19412 --- [snixTennis] [           main] o.h.e.j.e.i.JdbcEnvironmentInitiator     : JDBC version : 4.2
2025-10-01T18:53:44.684-05:00  WARN 19412 --- [snixTennis] [           main] o.h.e.j.e.i.JdbcEnvironmentInitiator     : HHH000339: Could not obtain connection metadata: java.sql.SQLSyntaxErrorException: Unknown column 'RESERVED' in 'WHERE'
2025-10-01T18:53:44.704-05:00  WARN 19412 --- [snixTennis] [           main] org.hibernate.orm.deprecation            : HHH90000025: MySQLDialect does not need to be specified explicitly using 'hibernate.dialect' (remove the property setting and it will be selected by default)
2025-10-01T18:53:44.705-05:00 DEBUG 19412 --- [snixTennis] [           main] org.hibernate.orm.dialect                : HHH035001: Using dialect: org.hibernate.dialect.MySQLDialect, version: 8.0
2025-10-01T18:53:44.709-05:00 DEBUG 19412 --- [snixTennis] [           main] o.h.e.j.env.spi.IdentifierHelperBuilder  : IdentifierCaseStrategy for both quoted and unquoted identifiers was set to the same strategy [MIXED]; that will likely lead to problems in schema update and validation if using quoted identifiers
2025-10-01T18:53:44.713-05:00 DEBUG 19412 --- [snixTennis] [           main] org.hibernate.orm.jdbc.lob               : HHH10010002: Disabling contextual LOB creation as connection was null
2025-10-01T18:53:44.716-05:00  INFO 19412 --- [snixTennis] [           main] org.hibernate.orm.connections.pooling    : HHH10001005: Database info:
	Database JDBC URL [Connecting through datasource 'HikariDataSource (HikariPool-1)']
	Database driver: undefined/unknown
	Database version: 8.0
	Autocommit mode: undefined/unknown
	Isolation level: undefined/unknown
	Minimum pool size: undefined/unknown
	Maximum pool size: undefined/unknown
2025-10-01T18:53:44.723-05:00 DEBUG 19412 --- [snixTennis] [           main] o.h.t.d.sql.spi.DdlTypeRegistry          : addDescriptor(12, org.hibernate.type.descriptor.sql.internal.CapacityDependentDdlType@620572db) replaced previous registration(org.hibernate.type.descriptor.sql.internal.CapacityDependentDdlType@1d5048d1)
2025-10-01T18:53:44.723-05:00 DEBUG 19412 --- [snixTennis] [           main] o.h.t.d.sql.spi.DdlTypeRegistry          : addDescriptor(-9, org.hibernate.type.descriptor.sql.internal.CapacityDependentDdlType@47d9c01) replaced previous registration(org.hibernate.type.descriptor.sql.internal.CapacityDependentDdlType@5358c8fa)
2025-10-01T18:53:44.723-05:00 DEBUG 19412 --- [snixTennis] [           main] o.h.t.d.sql.spi.DdlTypeRegistry          : addDescriptor(-3, org.hibernate.type.descriptor.sql.internal.CapacityDependentDdlType@1a02ebe0) replaced previous registration(org.hibernate.type.descriptor.sql.internal.CapacityDependentDdlType@58b3eb1)
2025-10-01T18:53:44.723-05:00 DEBUG 19412 --- [snixTennis] [           main] o.h.t.d.sql.spi.DdlTypeRegistry          : addDescriptor(4003, org.hibernate.type.descriptor.sql.internal.DdlTypeImpl@6d7e2795) replaced previous registration(org.hibernate.type.descriptor.sql.internal.DdlTypeImpl@78743dd8)
2025-10-01T18:53:44.723-05:00 DEBUG 19412 --- [snixTennis] [           main] o.h.t.d.sql.spi.DdlTypeRegistry          : addDescriptor(4001, org.hibernate.type.descriptor.sql.internal.DdlTypeImpl@752494dd) replaced previous registration(org.hibernate.type.descriptor.sql.internal.DdlTypeImpl@2986427e)
2025-10-01T18:53:44.723-05:00 DEBUG 19412 --- [snixTennis] [           main] o.h.t.d.sql.spi.DdlTypeRegistry          : addDescriptor(4002, org.hibernate.type.descriptor.sql.internal.DdlTypeImpl@35d88a54) replaced previous registration(org.hibernate.type.descriptor.sql.internal.DdlTypeImpl@6c1bebca)
2025-10-01T18:53:44.723-05:00 DEBUG 19412 --- [snixTennis] [           main] o.h.t.d.sql.spi.DdlTypeRegistry          : addDescriptor(2004, org.hibernate.type.descriptor.sql.internal.CapacityDependentDdlType@3d4818e8) replaced previous registration(org.hibernate.type.descriptor.sql.internal.DdlTypeImpl@26c6288d)
2025-10-01T18:53:44.723-05:00 DEBUG 19412 --- [snixTennis] [           main] o.h.t.d.sql.spi.DdlTypeRegistry          : addDescriptor(2005, org.hibernate.type.descriptor.sql.internal.CapacityDependentDdlType@57bd9c2b) replaced previous registration(org.hibernate.type.descriptor.sql.internal.DdlTypeImpl@644b68ad)
2025-10-01T18:53:44.723-05:00 DEBUG 19412 --- [snixTennis] [           main] o.h.t.d.sql.spi.DdlTypeRegistry          : addDescriptor(2011, org.hibernate.type.descriptor.sql.internal.CapacityDependentDdlType@1939a394) replaced previous registration(org.hibernate.type.descriptor.sql.internal.DdlTypeImpl@e2c627e)
2025-10-01T18:53:44.726-05:00 DEBUG 19412 --- [snixTennis] [           main] o.h.t.d.jdbc.spi.JdbcTypeRegistry        : addDescriptor(NCharTypeDescriptor) replaced previous registration(CharTypeDescriptor)
2025-10-01T18:53:44.726-05:00 DEBUG 19412 --- [snixTennis] [           main] o.h.t.d.jdbc.spi.JdbcTypeRegistry        : addDescriptor(NVarcharTypeDescriptor) replaced previous registration(VarcharTypeDescriptor)
2025-10-01T18:53:44.727-05:00 DEBUG 19412 --- [snixTennis] [           main] o.h.t.d.jdbc.spi.JdbcTypeRegistry        : addDescriptor(LongNVarcharTypeDescriptor) replaced previous registration(LongVarcharTypeDescriptor)
2025-10-01T18:53:44.729-05:00 DEBUG 19412 --- [snixTennis] [           main] o.h.t.d.jdbc.spi.JdbcTypeRegistry        : addDescriptor(NClobTypeDescriptor(DEFAULT)) replaced previous registration(ClobTypeDescriptor(DEFAULT))
2025-10-01T18:53:44.733-05:00 DEBUG 19412 --- [snixTennis] [           main] org.hibernate.type.BasicTypeRegistry     : Adding type registration null -> org.hibernate.type.NullType@79144d0e
2025-10-01T18:53:44.733-05:00 DEBUG 19412 --- [snixTennis] [           main] org.hibernate.type.BasicTypeRegistry     : Type registration key [null] overrode previous entry : `org.hibernate.type.NullType@3a38e4dc`
2025-10-01T18:53:44.737-05:00 DEBUG 19412 --- [snixTennis] [           main] org.hibernate.type.BasicTypeRegistry     : Adding type registration org.hibernate.type.DurationType -> basicType@1(java.time.Duration,3015)
2025-10-01T18:53:44.737-05:00 DEBUG 19412 --- [snixTennis] [           main] org.hibernate.type.BasicTypeRegistry     : Adding type registration Duration -> basicType@1(java.time.Duration,3015)
2025-10-01T18:53:44.737-05:00 DEBUG 19412 --- [snixTennis] [           main] org.hibernate.type.BasicTypeRegistry     : Adding type registration java.time.Duration -> basicType@1(java.time.Duration,3015)
2025-10-01T18:53:44.740-05:00 DEBUG 19412 --- [snixTennis] [           main] org.hibernate.type.BasicTypeRegistry     : Adding type registration org.hibernate.type.OffsetDateTimeType -> basicType@2(java.time.OffsetDateTime,3003)
2025-10-01T18:53:44.740-05:00 DEBUG 19412 --- [snixTennis] [           main] org.hibernate.type.BasicTypeRegistry     : Adding type registration OffsetDateTime -> basicType@2(java.time.OffsetDateTime,3003)
2025-10-01T18:53:44.740-05:00 DEBUG 19412 --- [snixTennis] [           main] org.hibernate.type.BasicTypeRegistry     : Adding type registration java.time.OffsetDateTime -> basicType@2(java.time.OffsetDateTime,3003)
2025-10-01T18:53:44.740-05:00 DEBUG 19412 --- [snixTennis] [           main] org.hibernate.type.BasicTypeRegistry     : Adding type registration org.hibernate.type.ZonedDateTimeType -> basicType@3(java.time.ZonedDateTime,3003)
2025-10-01T18:53:44.740-05:00 DEBUG 19412 --- [snixTennis] [           main] org.hibernate.type.BasicTypeRegistry     : Adding type registration ZonedDateTime -> basicType@3(java.time.ZonedDateTime,3003)
2025-10-01T18:53:44.740-05:00 DEBUG 19412 --- [snixTennis] [           main] org.hibernate.type.BasicTypeRegistry     : Adding type registration java.time.ZonedDateTime -> basicType@3(java.time.ZonedDateTime,3003)
2025-10-01T18:53:44.741-05:00 DEBUG 19412 --- [snixTennis] [           main] org.hibernate.type.BasicTypeRegistry     : Adding type registration org.hibernate.type.OffsetTimeType -> basicType@4(java.time.OffsetTime,3007)
2025-10-01T18:53:44.741-05:00 DEBUG 19412 --- [snixTennis] [           main] org.hibernate.type.BasicTypeRegistry     : Adding type registration OffsetTime -> basicType@4(java.time.OffsetTime,3007)
2025-10-01T18:53:44.741-05:00 DEBUG 19412 --- [snixTennis] [           main] org.hibernate.type.BasicTypeRegistry     : Adding type registration java.time.OffsetTime -> basicType@4(java.time.OffsetTime,3007)
2025-10-01T18:53:44.742-05:00 DEBUG 19412 --- [snixTennis] [           main] o.h.type.spi.TypeConfiguration$Scope     : Scoping TypeConfiguration [org.hibernate.type.spi.TypeConfiguration@7e1762e6] to MetadataBuildingContext [org.hibernate.boot.internal.MetadataBuildingContextRootImpl@5bccaedb]
2025-10-01T18:53:44.780-05:00 DEBUG 19412 --- [snixTennis] [           main] o.h.boot.model.relational.Namespace      : Created database namespace [logicalName=Name{catalog=null, schema=null}, physicalName=Name{catalog=null, schema=null}]
2025-10-01T18:53:44.807-05:00 DEBUG 19412 --- [snixTennis] [           main] o.h.boot.model.internal.EntityBinder     : Binding entity from annotated class: snix.snixtennis.entidades.Archivo
2025-10-01T18:53:44.813-05:00 DEBUG 19412 --- [snixTennis] [           main] o.h.boot.model.internal.EntityBinder     : Import with entity name Archivo
2025-10-01T18:53:44.820-05:00 DEBUG 19412 --- [snixTennis] [           main] o.h.boot.model.internal.EntityBinder     : Bind entity snix.snixtennis.entidades.Archivo on table archivo
2025-10-01T18:53:44.829-05:00 DEBUG 19412 --- [snixTennis] [           main] o.h.boot.model.internal.AnnotatedColumn  : Binding column: AnnotatedDiscriminatorColumn(column='DTYPE')
2025-10-01T18:53:44.845-05:00 DEBUG 19412 --- [snixTennis] [           main] o.h.boot.model.internal.AnnotatedColumn  : Binding column: AnnotatedColumn()
2025-10-01T18:53:44.846-05:00 DEBUG 19412 --- [snixTennis] [           main] o.h.boot.internal.ClassLoaderAccessImpl  : Not known whether passed class name [snix.snixtennis.entidades.Archivo] is safe
2025-10-01T18:53:44.846-05:00 DEBUG 19412 --- [snixTennis] [           main] o.h.boot.internal.ClassLoaderAccessImpl  : No temp ClassLoader provided; using live ClassLoader for loading potentially unsafe class : snix.snixtennis.entidades.Archivo
2025-10-01T18:53:44.849-05:00 DEBUG 19412 --- [snixTennis] [           main] o.h.boot.model.internal.PropertyBinder   : MetadataSourceProcessor property id with lazy=false
2025-10-01T18:53:44.853-05:00 DEBUG 19412 --- [snixTennis] [           main] o.h.b.m.internal.AbstractPropertyHolder  : Attempting to locate auto-apply AttributeConverter for property [snix.snixtennis.entidades.Archivo:id]
2025-10-01T18:53:44.858-05:00 DEBUG 19412 --- [snixTennis] [           main] o.h.b.model.internal.BasicValueBinder    : building BasicValue for id
2025-10-01T18:53:44.860-05:00 DEBUG 19412 --- [snixTennis] [           main] org.hibernate.mapping.BasicValue         : Skipping column re-registration: archivo.id
2025-10-01T18:53:44.861-05:00 DEBUG 19412 --- [snixTennis] [           main] o.h.boot.model.internal.PropertyBinder   : Building property id
2025-10-01T18:53:44.864-05:00 DEBUG 19412 --- [snixTennis] [           main] o.h.boot.model.internal.BinderHelper     : #makeIdGenerator(BasicValue([Column(id)]), id, org.hibernate.id.UUIDGenerator, , ...)
2025-10-01T18:53:44.865-05:00 DEBUG 19412 --- [snixTennis] [           main] o.h.boot.model.internal.AnnotatedColumn  : Binding column: AnnotatedColumn()
2025-10-01T18:53:44.865-05:00 DEBUG 19412 --- [snixTennis] [           main] o.h.boot.model.internal.PropertyBinder   : MetadataSourceProcessor property fileName with lazy=false
2025-10-01T18:53:44.865-05:00 DEBUG 19412 --- [snixTennis] [           main] o.h.b.m.internal.AbstractPropertyHolder  : Attempting to locate auto-apply AttributeConverter for property [snix.snixtennis.entidades.Archivo:fileName]
2025-10-01T18:53:44.865-05:00 DEBUG 19412 --- [snixTennis] [           main] o.h.b.model.internal.BasicValueBinder    : building BasicValue for fileName
2025-10-01T18:53:44.865-05:00 DEBUG 19412 --- [snixTennis] [           main] org.hibernate.mapping.BasicValue         : Skipping column re-registration: archivo.file_name
2025-10-01T18:53:44.865-05:00 DEBUG 19412 --- [snixTennis] [           main] o.h.boot.model.internal.PropertyBinder   : Building property fileName
2025-10-01T18:53:44.866-05:00 DEBUG 19412 --- [snixTennis] [           main] o.h.boot.model.internal.AnnotatedColumn  : Binding column: AnnotatedColumn()
2025-10-01T18:53:44.866-05:00 DEBUG 19412 --- [snixTennis] [           main] o.h.boot.model.internal.PropertyBinder   : MetadataSourceProcessor property fileType with lazy=false
2025-10-01T18:53:44.866-05:00 DEBUG 19412 --- [snixTennis] [           main] o.h.b.m.internal.AbstractPropertyHolder  : Attempting to locate auto-apply AttributeConverter for property [snix.snixtennis.entidades.Archivo:fileType]
2025-10-01T18:53:44.866-05:00 DEBUG 19412 --- [snixTennis] [           main] o.h.b.model.internal.BasicValueBinder    : building BasicValue for fileType
2025-10-01T18:53:44.866-05:00 DEBUG 19412 --- [snixTennis] [           main] org.hibernate.mapping.BasicValue         : Skipping column re-registration: archivo.file_type
2025-10-01T18:53:44.866-05:00 DEBUG 19412 --- [snixTennis] [           main] o.h.boot.model.internal.PropertyBinder   : Building property fileType
2025-10-01T18:53:44.867-05:00 DEBUG 19412 --- [snixTennis] [           main] o.h.boot.model.internal.AnnotatedColumn  : Binding column: AnnotatedJoinColumn(column='producto')
2025-10-01T18:53:44.868-05:00 DEBUG 19412 --- [snixTennis] [           main] o.h.boot.model.internal.AnnotatedColumn  : Binding column: AnnotatedColumn()
2025-10-01T18:53:44.871-05:00 DEBUG 19412 --- [snixTennis] [           main] o.h.boot.model.internal.PropertyBinder   : Building property producto
2025-10-01T18:53:44.871-05:00 DEBUG 19412 --- [snixTennis] [           main] o.h.boot.model.internal.AnnotatedColumn  : Binding column: AnnotatedColumn()
2025-10-01T18:53:44.872-05:00 DEBUG 19412 --- [snixTennis] [           main] o.h.boot.model.internal.PropertyBinder   : MetadataSourceProcessor property ruta with lazy=false
2025-10-01T18:53:44.872-05:00 DEBUG 19412 --- [snixTennis] [           main] o.h.b.m.internal.AbstractPropertyHolder  : Attempting to locate auto-apply AttributeConverter for property [snix.snixtennis.entidades.Archivo:ruta]
2025-10-01T18:53:44.872-05:00 DEBUG 19412 --- [snixTennis] [           main] o.h.b.model.internal.BasicValueBinder    : building BasicValue for ruta
2025-10-01T18:53:44.872-05:00 DEBUG 19412 --- [snixTennis] [           main] org.hibernate.mapping.BasicValue         : Skipping column re-registration: archivo.ruta
2025-10-01T18:53:44.872-05:00 DEBUG 19412 --- [snixTennis] [           main] o.h.boot.model.internal.PropertyBinder   : Building property ruta
2025-10-01T18:53:44.873-05:00 DEBUG 19412 --- [snixTennis] [           main] o.h.b.r.c.i.ClassLoaderServiceImpl       : HHH000194: Package not found or no package-info.java: snix.snixtennis.entidades
2025-10-01T18:53:44.877-05:00 DEBUG 19412 --- [snixTennis] [           main] o.h.boot.model.internal.EntityBinder     : Binding entity from annotated class: snix.snixtennis.entidades.Combos
2025-10-01T18:53:44.878-05:00 DEBUG 19412 --- [snixTennis] [           main] o.h.boot.model.internal.EntityBinder     : Import with entity name Combos
2025-10-01T18:53:44.878-05:00 DEBUG 19412 --- [snixTennis] [           main] o.h.boot.model.internal.EntityBinder     : Bind entity snix.snixtennis.entidades.Combos on table combos
2025-10-01T18:53:44.878-05:00 DEBUG 19412 --- [snixTennis] [           main] o.h.boot.model.internal.AnnotatedColumn  : Binding column: AnnotatedDiscriminatorColumn(column='DTYPE')
2025-10-01T18:53:44.878-05:00 DEBUG 19412 --- [snixTennis] [           main] o.h.boot.model.internal.AnnotatedColumn  : Binding column: AnnotatedColumn()
2025-10-01T18:53:44.878-05:00 DEBUG 19412 --- [snixTennis] [           main] o.h.boot.internal.ClassLoaderAccessImpl  : Not known whether passed class name [snix.snixtennis.entidades.Combos] is safe
2025-10-01T18:53:44.878-05:00 DEBUG 19412 --- [snixTennis] [           main] o.h.boot.internal.ClassLoaderAccessImpl  : No temp ClassLoader provided; using live ClassLoader for loading potentially unsafe class : snix.snixtennis.entidades.Combos
2025-10-01T18:53:44.879-05:00 DEBUG 19412 --- [snixTennis] [           main] o.h.boot.model.internal.PropertyBinder   : MetadataSourceProcessor property id with lazy=false
2025-10-01T18:53:44.879-05:00 DEBUG 19412 --- [snixTennis] [           main] o.h.b.m.internal.AbstractPropertyHolder  : Attempting to locate auto-apply AttributeConverter for property [snix.snixtennis.entidades.Combos:id]
2025-10-01T18:53:44.879-05:00 DEBUG 19412 --- [snixTennis] [           main] o.h.b.model.internal.BasicValueBinder    : building BasicValue for id
2025-10-01T18:53:44.879-05:00 DEBUG 19412 --- [snixTennis] [           main] org.hibernate.mapping.BasicValue         : Skipping column re-registration: combos.id
2025-10-01T18:53:44.879-05:00 DEBUG 19412 --- [snixTennis] [           main] o.h.boot.model.internal.PropertyBinder   : Building property id
2025-10-01T18:53:44.879-05:00 DEBUG 19412 --- [snixTennis] [           main] o.h.boot.model.internal.AnnotatedColumn  : Binding column: AnnotatedColumn()
2025-10-01T18:53:44.879-05:00 DEBUG 19412 --- [snixTennis] [           main] o.h.boot.model.internal.PropertyBinder   : MetadataSourceProcessor property id2 with lazy=false
2025-10-01T18:53:44.879-05:00 DEBUG 19412 --- [snixTennis] [           main] o.h.b.m.internal.AbstractPropertyHolder  : Attempting to locate auto-apply AttributeConverter for property [snix.snixtennis.entidades.Combos:id2]
2025-10-01T18:53:44.879-05:00 DEBUG 19412 --- [snixTennis] [           main] o.h.b.model.internal.BasicValueBinder    : building BasicValue for id2
2025-10-01T18:53:44.879-05:00 DEBUG 19412 --- [snixTennis] [           main] org.hibernate.mapping.BasicValue         : Skipping column re-registration: combos.id2
2025-10-01T18:53:44.879-05:00 DEBUG 19412 --- [snixTennis] [           main] o.h.boot.model.internal.PropertyBinder   : Building property id2
2025-10-01T18:53:44.879-05:00 DEBUG 19412 --- [snixTennis] [           main] o.h.boot.model.internal.AnnotatedColumn  : Binding column: AnnotatedColumn()
2025-10-01T18:53:44.880-05:00 DEBUG 19412 --- [snixTennis] [           main] o.h.boot.model.internal.PropertyBinder   : MetadataSourceProcessor property precio with lazy=false
2025-10-01T18:53:44.880-05:00 DEBUG 19412 --- [snixTennis] [           main] o.h.b.m.internal.AbstractPropertyHolder  : Attempting to locate auto-apply AttributeConverter for property [snix.snixtennis.entidades.Combos:precio]
2025-10-01T18:53:44.880-05:00 DEBUG 19412 --- [snixTennis] [           main] o.h.b.model.internal.BasicValueBinder    : building BasicValue for precio
2025-10-01T18:53:44.880-05:00 DEBUG 19412 --- [snixTennis] [           main] org.hibernate.mapping.BasicValue         : Skipping column re-registration: combos.precio
2025-10-01T18:53:44.880-05:00 DEBUG 19412 --- [snixTennis] [           main] o.h.boot.model.internal.PropertyBinder   : Building property precio
2025-10-01T18:53:44.880-05:00 DEBUG 19412 --- [snixTennis] [           main] o.h.boot.model.internal.AnnotatedColumn  : Binding column: AnnotatedColumn()
2025-10-01T18:53:44.880-05:00 DEBUG 19412 --- [snixTennis] [           main] o.h.boot.model.internal.PropertyBinder   : MetadataSourceProcessor property productos with lazy=false
2025-10-01T18:53:44.880-05:00 DEBUG 19412 --- [snixTennis] [           main] o.h.b.m.internal.AbstractPropertyHolder  : Attempting to locate auto-apply AttributeConverter for property [snix.snixtennis.entidades.Combos:productos]
2025-10-01T18:53:44.880-05:00 DEBUG 19412 --- [snixTennis] [           main] o.h.b.model.internal.BasicValueBinder    : building BasicValue for productos
2025-10-01T18:53:44.880-05:00 DEBUG 19412 --- [snixTennis] [           main] org.hibernate.mapping.BasicValue         : Skipping column re-registration: combos.productos
2025-10-01T18:53:44.880-05:00 DEBUG 19412 --- [snixTennis] [           main] o.h.boot.model.internal.PropertyBinder   : Building property productos
2025-10-01T18:53:44.880-05:00 DEBUG 19412 --- [snixTennis] [           main] o.h.boot.model.internal.AnnotatedColumn  : Binding column: AnnotatedColumn()
2025-10-01T18:53:44.880-05:00 DEBUG 19412 --- [snixTennis] [           main] o.h.boot.model.internal.PropertyBinder   : MetadataSourceProcessor property promo with lazy=false
2025-10-01T18:53:44.880-05:00 DEBUG 19412 --- [snixTennis] [           main] o.h.b.m.internal.AbstractPropertyHolder  : Attempting to locate auto-apply AttributeConverter for property [snix.snixtennis.entidades.Combos:promo]
2025-10-01T18:53:44.880-05:00 DEBUG 19412 --- [snixTennis] [           main] o.h.b.model.internal.BasicValueBinder    : building BasicValue for promo
2025-10-01T18:53:44.880-05:00 DEBUG 19412 --- [snixTennis] [           main] org.hibernate.mapping.BasicValue         : Skipping column re-registration: combos.promo
2025-10-01T18:53:44.881-05:00 DEBUG 19412 --- [snixTennis] [           main] o.h.boot.model.internal.PropertyBinder   : Building property promo
2025-10-01T18:53:44.881-05:00 DEBUG 19412 --- [snixTennis] [           main] o.h.boot.model.internal.AnnotatedColumn  : Binding column: AnnotatedColumn()
2025-10-01T18:53:44.881-05:00 DEBUG 19412 --- [snixTennis] [           main] o.h.boot.model.internal.PropertyBinder   : MetadataSourceProcessor property url with lazy=false
2025-10-01T18:53:44.881-05:00 DEBUG 19412 --- [snixTennis] [           main] o.h.b.m.internal.AbstractPropertyHolder  : Attempting to locate auto-apply AttributeConverter for property [snix.snixtennis.entidades.Combos:url]
2025-10-01T18:53:44.881-05:00 DEBUG 19412 --- [snixTennis] [           main] o.h.b.model.internal.BasicValueBinder    : building BasicValue for url
2025-10-01T18:53:44.881-05:00 DEBUG 19412 --- [snixTennis] [           main] org.hibernate.mapping.BasicValue         : Skipping column re-registration: combos.url
2025-10-01T18:53:44.881-05:00 DEBUG 19412 --- [snixTennis] [           main] o.h.boot.model.internal.PropertyBinder   : Building property url
2025-10-01T18:53:44.881-05:00 DEBUG 19412 --- [snixTennis] [           main] o.h.b.r.c.i.ClassLoaderServiceImpl       : HHH000194: Package not found or no package-info.java: snix.snixtennis.entidades
2025-10-01T18:53:44.882-05:00 DEBUG 19412 --- [snixTennis] [           main] o.h.boot.model.internal.EntityBinder     : Binding entity from annotated class: snix.snixtennis.entidades.InformacionCliente
2025-10-01T18:53:44.882-05:00 DEBUG 19412 --- [snixTennis] [           main] o.h.boot.model.internal.EntityBinder     : Import with entity name InformacionCliente
2025-10-01T18:53:44.882-05:00 DEBUG 19412 --- [snixTennis] [           main] o.h.boot.model.internal.EntityBinder     : Bind entity snix.snixtennis.entidades.InformacionCliente on table informacion_cliente
2025-10-01T18:53:44.882-05:00 DEBUG 19412 --- [snixTennis] [           main] o.h.boot.model.internal.AnnotatedColumn  : Binding column: AnnotatedDiscriminatorColumn(column='DTYPE')
2025-10-01T18:53:44.884-05:00 DEBUG 19412 --- [snixTennis] [           main] o.h.boot.model.internal.AnnotatedColumn  : Binding column: AnnotatedColumn()
2025-10-01T18:53:44.884-05:00 DEBUG 19412 --- [snixTennis] [           main] o.h.boot.internal.ClassLoaderAccessImpl  : Not known whether passed class name [snix.snixtennis.entidades.InformacionCliente] is safe
2025-10-01T18:53:44.884-05:00 DEBUG 19412 --- [snixTennis] [           main] o.h.boot.internal.ClassLoaderAccessImpl  : No temp ClassLoader provided; using live ClassLoader for loading potentially unsafe class : snix.snixtennis.entidades.InformacionCliente
2025-10-01T18:53:44.884-05:00 DEBUG 19412 --- [snixTennis] [           main] o.h.boot.model.internal.PropertyBinder   : MetadataSourceProcessor property id with lazy=false
2025-10-01T18:53:44.884-05:00 DEBUG 19412 --- [snixTennis] [           main] o.h.b.m.internal.AbstractPropertyHolder  : Attempting to locate auto-apply AttributeConverter for property [snix.snixtennis.entidades.InformacionCliente:id]
2025-10-01T18:53:44.884-05:00 DEBUG 19412 --- [snixTennis] [           main] o.h.b.model.internal.BasicValueBinder    : building BasicValue for id
2025-10-01T18:53:44.884-05:00 DEBUG 19412 --- [snixTennis] [           main] org.hibernate.mapping.BasicValue         : Skipping column re-registration: informacion_cliente.id
2025-10-01T18:53:44.884-05:00 DEBUG 19412 --- [snixTennis] [           main] o.h.boot.model.internal.PropertyBinder   : Building property id
2025-10-01T18:53:44.884-05:00 DEBUG 19412 --- [snixTennis] [           main] o.h.boot.model.internal.BinderHelper     : #makeIdGenerator(BasicValue([Column(id)]), id, org.hibernate.id.UUIDGenerator, , ...)
2025-10-01T18:53:44.885-05:00 DEBUG 19412 --- [snixTennis] [           main] o.h.boot.model.internal.AnnotatedColumn  : Binding column: AnnotatedColumn()
2025-10-01T18:53:44.885-05:00 DEBUG 19412 --- [snixTennis] [           main] o.h.boot.model.internal.PropertyBinder   : MetadataSourceProcessor property autorizacion with lazy=false
2025-10-01T18:53:44.885-05:00 DEBUG 19412 --- [snixTennis] [           main] o.h.b.m.internal.AbstractPropertyHolder  : Attempting to locate auto-apply AttributeConverter for property [snix.snixtennis.entidades.InformacionCliente:autorizacion]
2025-10-01T18:53:44.885-05:00 DEBUG 19412 --- [snixTennis] [           main] o.h.b.model.internal.BasicValueBinder    : building BasicValue for autorizacion
2025-10-01T18:53:44.886-05:00 DEBUG 19412 --- [snixTennis] [           main] org.hibernate.mapping.BasicValue         : Skipping column re-registration: informacion_cliente.autorizacion
2025-10-01T18:53:44.886-05:00 DEBUG 19412 --- [snixTennis] [           main] o.h.boot.model.internal.PropertyBinder   : Building property autorizacion
2025-10-01T18:53:44.886-05:00 DEBUG 19412 --- [snixTennis] [           main] o.h.boot.model.internal.AnnotatedColumn  : Binding column: AnnotatedColumn()
2025-10-01T18:53:44.886-05:00 DEBUG 19412 --- [snixTennis] [           main] o.h.boot.model.internal.PropertyBinder   : MetadataSourceProcessor property ciudad with lazy=false
2025-10-01T18:53:44.886-05:00 DEBUG 19412 --- [snixTennis] [           main] o.h.b.m.internal.AbstractPropertyHolder  : Attempting to locate auto-apply AttributeConverter for property [snix.snixtennis.entidades.InformacionCliente:ciudad]
2025-10-01T18:53:44.886-05:00 DEBUG 19412 --- [snixTennis] [           main] o.h.b.model.internal.BasicValueBinder    : building BasicValue for ciudad
2025-10-01T18:53:44.886-05:00 DEBUG 19412 --- [snixTennis] [           main] org.hibernate.mapping.BasicValue         : Skipping column re-registration: informacion_cliente.ciudad
2025-10-01T18:53:44.886-05:00 DEBUG 19412 --- [snixTennis] [           main] o.h.boot.model.internal.PropertyBinder   : Building property ciudad
2025-10-01T18:53:44.886-05:00 DEBUG 19412 --- [snixTennis] [           main] o.h.boot.model.internal.AnnotatedColumn  : Binding column: AnnotatedColumn()
2025-10-01T18:53:44.886-05:00 DEBUG 19412 --- [snixTennis] [           main] o.h.boot.model.internal.PropertyBinder   : MetadataSourceProcessor property contacto with lazy=false
2025-10-01T18:53:44.886-05:00 DEBUG 19412 --- [snixTennis] [           main] o.h.b.m.internal.AbstractPropertyHolder  : Attempting to locate auto-apply AttributeConverter for property [snix.snixtennis.entidades.InformacionCliente:contacto]
2025-10-01T18:53:44.886-05:00 DEBUG 19412 --- [snixTennis] [           main] o.h.b.model.internal.BasicValueBinder    : building BasicValue for contacto
2025-10-01T18:53:44.886-05:00 DEBUG 19412 --- [snixTennis] [           main] org.hibernate.mapping.BasicValue         : Skipping column re-registration: informacion_cliente.contacto
2025-10-01T18:53:44.886-05:00 DEBUG 19412 --- [snixTennis] [           main] o.h.boot.model.internal.PropertyBinder   : Building property contacto
2025-10-01T18:53:44.887-05:00 DEBUG 19412 --- [snixTennis] [           main] o.h.boot.model.internal.AnnotatedColumn  : Binding column: AnnotatedColumn()
2025-10-01T18:53:44.887-05:00 DEBUG 19412 --- [snixTennis] [           main] o.h.boot.model.internal.PropertyBinder   : MetadataSourceProcessor property depto with lazy=false
2025-10-01T18:53:44.887-05:00 DEBUG 19412 --- [snixTennis] [           main] o.h.b.m.internal.AbstractPropertyHolder  : Attempting to locate auto-apply AttributeConverter for property [snix.snixtennis.entidades.InformacionCliente:depto]
2025-10-01T18:53:44.887-05:00 DEBUG 19412 --- [snixTennis] [           main] o.h.b.model.internal.BasicValueBinder    : building BasicValue for depto
2025-10-01T18:53:44.887-05:00 DEBUG 19412 --- [snixTennis] [           main] org.hibernate.mapping.BasicValue         : Skipping column re-registration: informacion_cliente.depto
2025-10-01T18:53:44.887-05:00 DEBUG 19412 --- [snixTennis] [           main] o.h.boot.model.internal.PropertyBinder   : Building property depto
2025-10-01T18:53:44.887-05:00 DEBUG 19412 --- [snixTennis] [           main] o.h.boot.model.internal.AnnotatedColumn  : Binding column: AnnotatedColumn()
2025-10-01T18:53:44.887-05:00 DEBUG 19412 --- [snixTennis] [           main] o.h.boot.model.internal.PropertyBinder   : MetadataSourceProcessor property direccion with lazy=false
2025-10-01T18:53:44.887-05:00 DEBUG 19412 --- [snixTennis] [           main] o.h.b.m.internal.AbstractPropertyHolder  : Attempting to locate auto-apply AttributeConverter for property [snix.snixtennis.entidades.InformacionCliente:direccion]
2025-10-01T18:53:44.887-05:00 DEBUG 19412 --- [snixTennis] [           main] o.h.b.model.internal.BasicValueBinder    : building BasicValue for direccion
2025-10-01T18:53:44.887-05:00 DEBUG 19412 --- [snixTennis] [           main] org.hibernate.mapping.BasicValue         : Skipping column re-registration: informacion_cliente.direccion
2025-10-01T18:53:44.887-05:00 DEBUG 19412 --- [snixTennis] [           main] o.h.boot.model.internal.PropertyBinder   : Building property direccion
2025-10-01T18:53:44.887-05:00 DEBUG 19412 --- [snixTennis] [           main] o.h.boot.model.internal.AnnotatedColumn  : Binding column: AnnotatedColumn()
2025-10-01T18:53:44.887-05:00 DEBUG 19412 --- [snixTennis] [           main] o.h.boot.model.internal.PropertyBinder   : MetadataSourceProcessor property email with lazy=false
2025-10-01T18:53:44.888-05:00 DEBUG 19412 --- [snixTennis] [           main] o.h.b.m.internal.AbstractPropertyHolder  : Attempting to locate auto-apply AttributeConverter for property [snix.snixtennis.entidades.InformacionCliente:email]
2025-10-01T18:53:44.888-05:00 DEBUG 19412 --- [snixTennis] [           main] o.h.b.model.internal.BasicValueBinder    : building BasicValue for email
2025-10-01T18:53:44.888-05:00 DEBUG 19412 --- [snixTennis] [           main] org.hibernate.mapping.BasicValue         : Skipping column re-registration: informacion_cliente.email
2025-10-01T18:53:44.888-05:00 DEBUG 19412 --- [snixTennis] [           main] o.h.boot.model.internal.PropertyBinder   : Building property email
2025-10-01T18:53:44.888-05:00 DEBUG 19412 --- [snixTennis] [           main] o.h.boot.model.internal.AnnotatedColumn  : Binding column: AnnotatedColumn()
2025-10-01T18:53:44.888-05:00 DEBUG 19412 --- [snixTennis] [           main] o.h.boot.model.internal.PropertyBinder   : MetadataSourceProcessor property nombre with lazy=false
2025-10-01T18:53:44.888-05:00 DEBUG 19412 --- [snixTennis] [           main] o.h.b.m.internal.AbstractPropertyHolder  : Attempting to locate auto-apply AttributeConverter for property [snix.snixtennis.entidades.InformacionCliente:nombre]
2025-10-01T18:53:44.888-05:00 DEBUG 19412 --- [snixTennis] [           main] o.h.b.model.internal.BasicValueBinder    : building BasicValue for nombre
2025-10-01T18:53:44.888-05:00 DEBUG 19412 --- [snixTennis] [           main] org.hibernate.mapping.BasicValue         : Skipping column re-registration: informacion_cliente.nombre
2025-10-01T18:53:44.888-05:00 DEBUG 19412 --- [snixTennis] [           main] o.h.boot.model.internal.PropertyBinder   : Building property nombre
2025-10-01T18:53:44.889-05:00 DEBUG 19412 --- [snixTennis] [           main] o.h.b.r.c.i.ClassLoaderServiceImpl       : HHH000194: Package not found or no package-info.java: snix.snixtennis.entidades
2025-10-01T18:53:44.889-05:00 DEBUG 19412 --- [snixTennis] [           main] o.h.boot.model.internal.EntityBinder     : Binding entity from annotated class: snix.snixtennis.entidades.Pedido
2025-10-01T18:53:44.889-05:00 DEBUG 19412 --- [snixTennis] [           main] o.h.boot.model.internal.EntityBinder     : Import with entity name Pedido
2025-10-01T18:53:44.889-05:00 DEBUG 19412 --- [snixTennis] [           main] o.h.boot.model.internal.EntityBinder     : Bind entity snix.snixtennis.entidades.Pedido on table pedido
2025-10-01T18:53:44.889-05:00 DEBUG 19412 --- [snixTennis] [           main] o.h.boot.model.internal.AnnotatedColumn  : Binding column: AnnotatedDiscriminatorColumn(column='DTYPE')
2025-10-01T18:53:44.891-05:00 DEBUG 19412 --- [snixTennis] [           main] o.h.boot.model.internal.AnnotatedColumn  : Binding column: AnnotatedColumn()
2025-10-01T18:53:44.891-05:00 DEBUG 19412 --- [snixTennis] [           main] o.h.boot.internal.ClassLoaderAccessImpl  : Not known whether passed class name [snix.snixtennis.entidades.Pedido] is safe
2025-10-01T18:53:44.891-05:00 DEBUG 19412 --- [snixTennis] [           main] o.h.boot.internal.ClassLoaderAccessImpl  : No temp ClassLoader provided; using live ClassLoader for loading potentially unsafe class : snix.snixtennis.entidades.Pedido
2025-10-01T18:53:44.891-05:00 DEBUG 19412 --- [snixTennis] [           main] o.h.boot.model.internal.PropertyBinder   : MetadataSourceProcessor property id with lazy=false
2025-10-01T18:53:44.891-05:00 DEBUG 19412 --- [snixTennis] [           main] o.h.b.m.internal.AbstractPropertyHolder  : Attempting to locate auto-apply AttributeConverter for property [snix.snixtennis.entidades.Pedido:id]
2025-10-01T18:53:44.891-05:00 DEBUG 19412 --- [snixTennis] [           main] o.h.b.model.internal.BasicValueBinder    : building BasicValue for id
2025-10-01T18:53:44.891-05:00 DEBUG 19412 --- [snixTennis] [           main] org.hibernate.mapping.BasicValue         : Skipping column re-registration: pedido.id
2025-10-01T18:53:44.891-05:00 DEBUG 19412 --- [snixTennis] [           main] o.h.boot.model.internal.PropertyBinder   : Building property id
2025-10-01T18:53:44.891-05:00 DEBUG 19412 --- [snixTennis] [           main] o.h.boot.model.internal.BinderHelper     : #makeIdGenerator(BasicValue([Column(id)]), id, org.hibernate.id.UUIDGenerator, , ...)
2025-10-01T18:53:44.891-05:00 DEBUG 19412 --- [snixTennis] [           main] o.h.boot.model.internal.AnnotatedColumn  : Binding column: AnnotatedColumn()
[...]

   OAuth2ResourceServerAutoConfiguration:
      Did not match:
         - @ConditionalOnClass did not find required class 'org.springframework.security.oauth2.server.resource.authentication.BearerTokenAuthenticationToken' (OnClassCondition)

   ProjectInfoAutoConfiguration#buildProperties:
      Did not match:
         - @ConditionalOnResource did not find resource '${spring.info.build.location:classpath:META-INF/build-info.properties}' (OnResourceCondition)

   ProjectInfoAutoConfiguration#gitProperties:
      Did not match:
         - GitResource did not find git info at classpath:git.properties (ProjectInfoAutoConfiguration.GitResourceAvailableCondition)

   PulsarAutoConfiguration:
      Did not match:
         - @ConditionalOnClass did not find required class 'org.apache.pulsar.client.api.PulsarClient' (OnClassCondition)

   PulsarReactiveAutoConfiguration:
      Did not match:
         - @ConditionalOnClass did not find required class 'org.apache.pulsar.client.api.PulsarClient' (OnClassCondition)

   QuartzAutoConfiguration:
      Did not match:
         - @ConditionalOnClass did not find required class 'org.quartz.Scheduler' (OnClassCondition)

   R2dbcAutoConfiguration:
      Did not match:
         - @ConditionalOnClass did not find required class 'io.r2dbc.spi.ConnectionFactory' (OnClassCondition)

   R2dbcDataAutoConfiguration:
      Did not match:
         - @ConditionalOnClass did not find required class 'org.springframework.data.r2dbc.core.R2dbcEntityTemplate' (OnClassCondition)

   R2dbcInitializationConfiguration:
      Did not match:
         - @ConditionalOnClass did not find required classes 'io.r2dbc.spi.ConnectionFactory', 'org.springframework.r2dbc.connection.init.DatabasePopulator' (OnClassCondition)

   R2dbcProxyAutoConfiguration:
      Did not match:
         - @ConditionalOnClass did not find required class 'io.r2dbc.proxy.ProxyConnectionFactory' (OnClassCondition)

   R2dbcRepositoriesAutoConfiguration:
      Did not match:
         - @ConditionalOnClass did not find required class 'io.r2dbc.spi.ConnectionFactory' (OnClassCondition)

   R2dbcTransactionManagerAutoConfiguration:
      Did not match:
         - @ConditionalOnClass did not find required class 'org.springframework.r2dbc.connection.R2dbcTransactionManager' (OnClassCondition)

   RSocketGraphQlClientAutoConfiguration:
      Did not match:
         - @ConditionalOnClass did not find required class 'io.rsocket.RSocket' (OnClassCondition)

   RSocketMessagingAutoConfiguration:
      Did not match:
         - @ConditionalOnClass did not find required class 'io.rsocket.RSocket' (OnClassCondition)

   RSocketRequesterAutoConfiguration:
      Did not match:
         - @ConditionalOnClass did not find required class 'io.rsocket.RSocket' (OnClassCondition)

   RSocketSecurityAutoConfiguration:
      Did not match:
         - @ConditionalOnClass did not find required class 'org.springframework.security.rsocket.core.SecuritySocketAcceptorInterceptor' (OnClassCondition)

   RSocketServerAutoConfiguration:
      Did not match:
         - @ConditionalOnClass did not find required class 'io.rsocket.core.RSocketServer' (OnClassCondition)

   RSocketStrategiesAutoConfiguration:
      Did not match:
         - @ConditionalOnClass did not find required class 'io.netty.buffer.PooledByteBufAllocator' (OnClassCondition)

   RabbitAutoConfiguration:
      Did not match:
         - @ConditionalOnClass did not find required class 'com.rabbitmq.client.Channel' (OnClassCondition)

   ReactiveElasticsearchClientAutoConfiguration:
      Did not match:
         - @ConditionalOnClass did not find required class 'co.elastic.clients.transport.ElasticsearchTransport' (OnClassCondition)

   ReactiveElasticsearchRepositoriesAutoConfiguration:
      Did not match:
         - @ConditionalOnClass did not find required class 'org.springframework.data.elasticsearch.client.elc.ReactiveElasticsearchClient' (OnClassCondition)

   ReactiveMultipartAutoConfiguration:
      Did not match:
         - @ConditionalOnClass did not find required class 'org.springframework.web.reactive.config.WebFluxConfigurer' (OnClassCondition)

   ReactiveOAuth2ClientAutoConfiguration:
      Did not match:
         - @ConditionalOnClass did not find required class 'org.springframework.security.oauth2.client.registration.ClientRegistration' (OnClassCondition)

   ReactiveOAuth2ClientWebSecurityAutoConfiguration:
      Did not match:
         - @ConditionalOnClass did not find required class 'org.springframework.security.oauth2.client.web.server.ServerOAuth2AuthorizedClientRepository' (OnClassCondition)

   ReactiveOAuth2ResourceServerAutoConfiguration:
      Did not match:
         - @ConditionalOnWebApplication did not find reactive web application classes (OnWebApplicationCondition)

   ReactiveSecurityAutoConfiguration:
      Did not match:
         - @ConditionalOnClass did not find required class 'org.springframework.web.reactive.config.WebFluxConfigurer' (OnClassCondition)

   ReactiveUserDetailsServiceAutoConfiguration:
      Did not match:
         - AnyNestedCondition 0 matched 2 did not; NestedCondition on ReactiveUserDetailsServiceAutoConfiguration.RSocketEnabledOrReactiveWebApplication.ReactiveWebApplicationCondition did not find reactive web application classes; NestedCondition on ReactiveUserDetailsServiceAutoConfiguration.RSocketEnabledOrReactiveWebApplication.RSocketSecurityEnabledCondition @ConditionalOnBean (types: ?; SearchStrategy: all) did not find any beans of type ? (ReactiveUserDetailsServiceAutoConfiguration.RSocketEnabledOrReactiveWebApplication)
      Matched:
         - @ConditionalOnClass found required class 'org.springframework.security.authentication.ReactiveAuthenticationManager' (OnClassCondition)
         - AnyNestedCondition 1 matched 2 did not; NestedCondition on ReactiveUserDetailsServiceAutoConfiguration.MissingAlternativeOrUserPropertiesConfigured.PasswordConfigured @ConditionalOnProperty (spring.security.user.password) did not find property 'spring.security.user.password'; NestedCondition on ReactiveUserDetailsServiceAutoConfiguration.MissingAlternativeOrUserPropertiesConfigured.NameConfigured @ConditionalOnProperty (spring.security.user.name) did not find property 'spring.security.user.name'; NestedCondition on ReactiveUserDetailsServiceAutoConfiguration.MissingAlternativeOrUserPropertiesConfigured.MissingAlternative @ConditionalOnMissingClass did not find unwanted classes 'org.springframework.security.oauth2.client.registration.ClientRegistrationRepository', 'org.springframework.security.oauth2.server.resource.introspection.ReactiveOpaqueTokenIntrospector' (ReactiveUserDetailsServiceAutoConfiguration.MissingAlternativeOrUserPropertiesConfigured)

   ReactiveWebServerFactoryAutoConfiguration:
      Did not match:
         - @ConditionalOnWebApplication did not find reactive web application classes (OnWebApplicationCondition)

   RedisAutoConfiguration:
      Did not match:
         - @ConditionalOnClass did not find required class 'org.springframework.data.redis.core.RedisOperations' (OnClassCondition)

   RedisCacheConfiguration:
      Did not match:
         - @ConditionalOnClass did not find required class 'org.springframework.data.redis.connection.RedisConnectionFactory' (OnClassCondition)

   RedisReactiveAutoConfiguration:
      Did not match:
         - @ConditionalOnClass did not find required class 'org.springframework.data.redis.connection.ReactiveRedisConnectionFactory' (OnClassCondition)

   RedisRepositoriesAutoConfiguration:
      Did not match:
         - @ConditionalOnClass did not find required class 'org.springframework.data.redis.repository.configuration.EnableRedisRepositories' (OnClassCondition)

   RemoteDevToolsAutoConfiguration:
      Did not match:
         - @ConditionalOnProperty (spring.devtools.remote.secret) did not find property 'spring.devtools.remote.secret' (OnPropertyCondition)
      Matched:
         - @ConditionalOnClass found required classes 'jakarta.servlet.Filter', 'org.springframework.http.server.ServerHttpRequest' (OnClassCondition)

   RepositoryRestMvcAutoConfiguration:
      Did not match:
         - @ConditionalOnClass did not find required class 'org.springframework.data.rest.webmvc.config.RepositoryRestMvcConfiguration' (OnClassCondition)

   Saml2RelyingPartyAutoConfiguration:
      Did not match:
         - @ConditionalOnClass did not find required class 'org.springframework.security.saml2.provider.service.registration.RelyingPartyRegistrationRepository' (OnClassCondition)

   SecurityDataConfiguration:
      Did not match:
         - @ConditionalOnClass did not find required class 'org.springframework.security.data.repository.query.SecurityEvaluationContextExtension' (OnClassCondition)

   SendGridAutoConfiguration:
      Did not match:
         - @ConditionalOnClass did not find required class 'com.sendgrid.SendGrid' (OnClassCondition)

   ServletWebServerFactoryAutoConfiguration.ForwardedHeaderFilterConfiguration:
      Did not match:
         - @ConditionalOnProperty (server.forward-headers-strategy=framework) did not find property 'server.forward-headers-strategy' (OnPropertyCondition)

   ServletWebServerFactoryConfiguration.EmbeddedJetty:
      Did not match:
         - @ConditionalOnClass did not find required classes 'org.eclipse.jetty.server.Server', 'org.eclipse.jetty.util.Loader', 'org.eclipse.jetty.ee10.webapp.WebAppContext' (OnClassCondition)

   ServletWebServerFactoryConfiguration.EmbeddedUndertow:
      Did not match:
         - @ConditionalOnClass did not find required classes 'io.undertow.Undertow', 'org.xnio.SslClientAuthMode' (OnClassCondition)

   SessionAutoConfiguration:
      Did not match:
         - @ConditionalOnClass did not find required class 'org.springframework.session.Session' (OnClassCondition)

   SpringApplicationAdminJmxAutoConfiguration:
      Did not match:
         - @ConditionalOnBooleanProperty (spring.application.admin.enabled=true) did not find property 'spring.application.admin.enabled' (OnPropertyCondition)

   SpringBootWebSecurityConfiguration.SecurityFilterChainConfiguration:
      Did not match:
         - AllNestedConditions 1 matched 1 did not; NestedCondition on DefaultWebSecurityCondition.Beans @ConditionalOnMissingBean (types: org.springframework.security.web.SecurityFilterChain; SearchStrategy: all) found beans of type 'org.springframework.security.web.SecurityFilterChain' securityFilterChain; NestedCondition on DefaultWebSecurityCondition.Classes @ConditionalOnClass found required classes 'org.springframework.security.web.SecurityFilterChain', 'org.springframework.security.config.annotation.web.builders.HttpSecurity' (DefaultWebSecurityCondition)

   TaskExecutorConfigurations.SimpleAsyncTaskExecutorBuilderConfiguration#simpleAsyncTaskExecutorBuilderVirtualThreads:
      Did not match:
         - @ConditionalOnMissingBean (types: org.springframework.boot.task.SimpleAsyncTaskExecutorBuilder; SearchStrategy: all) found beans of type 'org.springframework.boot.task.SimpleAsyncTaskExecutorBuilder' simpleAsyncTaskExecutorBuilder (OnBeanCondition)

   TaskExecutorConfigurations.TaskExecutorConfiguration#applicationTaskExecutorVirtualThreads:
      Did not match:
         - @ConditionalOnThreading did not find VIRTUAL (OnThreadingCondition)

   TaskSchedulingAutoConfiguration#scheduledBeanLazyInitializationExcludeFilter:
      Did not match:
         - @ConditionalOnBean (names: org.springframework.context.annotation.internalScheduledAnnotationProcessor; SearchStrategy: all) did not find any beans named org.springframework.context.annotation.internalScheduledAnnotationProcessor (OnBeanCondition)

   TaskSchedulingConfigurations.SimpleAsyncTaskSchedulerBuilderConfiguration#simpleAsyncTaskSchedulerBuilderVirtualThreads:
      Did not match:
         - @ConditionalOnMissingBean (types: org.springframework.boot.task.SimpleAsyncTaskSchedulerBuilder; SearchStrategy: all) found beans of type 'org.springframework.boot.task.SimpleAsyncTaskSchedulerBuilder' simpleAsyncTaskSchedulerBuilder (OnBeanCondition)

   TaskSchedulingConfigurations.TaskSchedulerConfiguration:
      Did not match:
         - @ConditionalOnBean (names: org.springframework.context.annotation.internalScheduledAnnotationProcessor; SearchStrategy: all) did not find any beans named org.springframework.context.annotation.internalScheduledAnnotationProcessor (OnBeanCondition)

   TemplateEngineConfigurations.ReactiveTemplateEngineConfiguration:
      Did not match:
         - did not find reactive web application classes (OnWebApplicationCondition)

   ThymeleafAutoConfiguration.DataAttributeDialectConfiguration:
      Did not match:
         - @ConditionalOnClass did not find required class 'com.github.mxab.thymeleaf.extras.dataattribute.dialect.DataAttributeDialect' (OnClassCondition)

   ThymeleafAutoConfiguration.ThymeleafWebFluxConfiguration:
      Did not match:
         - did not find reactive web application classes (OnWebApplicationCondition)

   ThymeleafAutoConfiguration.ThymeleafWebLayoutConfiguration:
      Did not match:
         - @ConditionalOnClass did not find required class 'nz.net.ultraq.thymeleaf.layoutdialect.LayoutDialect' (OnClassCondition)

   ThymeleafAutoConfiguration.ThymeleafWebMvcConfiguration#resourceUrlEncodingFilter:
      Did not match:
         - @ConditionalOnEnabledResourceChain did not find class org.webjars.WebJarVersionLocator (OnEnabledResourceChainCondition)

   TransactionAutoConfiguration#transactionalOperator:
      Did not match:
         - @ConditionalOnSingleCandidate (types: org.springframework.transaction.ReactiveTransactionManager; SearchStrategy: all) did not find any beans (OnBeanCondition)

   TransactionAutoConfiguration.AspectJTransactionManagementConfiguration:
      Did not match:
         - @ConditionalOnBean (types: org.springframework.transaction.aspectj.AbstractTransactionAspect; SearchStrategy: all) did not find any beans of type org.springframework.transaction.aspectj.AbstractTransactionAspect (OnBeanCondition)

   TransactionAutoConfiguration.EnableTransactionManagementConfiguration.JdkDynamicAutoProxyConfiguration:
      Did not match:
         - @ConditionalOnBooleanProperty (spring.aop.proxy-target-class=false) did not find property 'spring.aop.proxy-target-class' (OnPropertyCondition)

   WebClientAutoConfiguration:
      Did not match:
         - @ConditionalOnClass did not find required class 'org.springframework.web.reactive.function.client.WebClient' (OnClassCondition)

   WebFluxAutoConfiguration:
      Did not match:
         - @ConditionalOnClass did not find required class 'org.springframework.web.reactive.config.WebFluxConfigurer' (OnClassCondition)

   WebMvcAutoConfiguration#hiddenHttpMethodFilter:
      Did not match:
         - @ConditionalOnBooleanProperty (spring.mvc.hiddenmethod.filter.enabled=true) did not find property 'spring.mvc.hiddenmethod.filter.enabled' (OnPropertyCondition)

   WebMvcAutoConfiguration.ProblemDetailsErrorHandlingConfiguration:
      Did not match:
         - @ConditionalOnBooleanProperty (spring.mvc.problemdetails.enabled=true) did not find property 'spring.mvc.problemdetails.enabled' (OnPropertyCondition)

   WebMvcAutoConfiguration.ResourceChainCustomizerConfiguration:
      Did not match:
         - @ConditionalOnEnabledResourceChain did not find class org.webjars.WebJarVersionLocator (OnEnabledResourceChainCondition)

   WebMvcAutoConfiguration.WebMvcAutoConfigurationAdapter#beanNameViewResolver:
      Did not match:
         - @ConditionalOnMissingBean (types: org.springframework.web.servlet.view.BeanNameViewResolver; SearchStrategy: all) found beans of type 'org.springframework.web.servlet.view.BeanNameViewResolver' beanNameViewResolver (OnBeanCondition)

   WebServiceTemplateAutoConfiguration:
      Did not match:
         - @ConditionalOnClass did not find required class 'org.springframework.oxm.Marshaller' (OnClassCondition)

   WebServicesAutoConfiguration:
      Did not match:
         - @ConditionalOnClass did not find required class 'org.springframework.ws.transport.http.MessageDispatcherServlet' (OnClassCondition)

   WebSessionIdResolverAutoConfiguration:
      Did not match:
         - @ConditionalOnWebApplication did not find reactive web application classes (OnWebApplicationCondition)

   WebSocketMessagingAutoConfiguration:
      Did not match:
         - @ConditionalOnClass did not find required class 'org.springframework.web.socket.config.annotation.WebSocketMessageBrokerConfigurer' (OnClassCondition)

   WebSocketReactiveAutoConfiguration:
      Did not match:
         - @ConditionalOnWebApplication did not find reactive web application classes (OnWebApplicationCondition)

   WebSocketServletAutoConfiguration.JettyWebSocketConfiguration:
      Did not match:
         - @ConditionalOnClass did not find required class 'org.eclipse.jetty.ee10.websocket.jakarta.server.config.JakartaWebSocketServletContainerInitializer' (OnClassCondition)

   WebSocketServletAutoConfiguration.UndertowWebSocketConfiguration:
      Did not match:
         - @ConditionalOnClass did not find required class 'io.undertow.websockets.jsr.Bootstrap' (OnClassCondition)

   XADataSourceAutoConfiguration:
      Did not match:
         - @ConditionalOnBean (types: org.springframework.boot.jdbc.XADataSourceWrapper; SearchStrategy: all) did not find any beans of type org.springframework.boot.jdbc.XADataSourceWrapper (OnBeanCondition)
      Matched:
         - @ConditionalOnClass found required classes 'javax.sql.DataSource', 'jakarta.transaction.TransactionManager', 'org.springframework.jdbc.datasource.embedded.EmbeddedDatabaseType' (OnClassCondition)


Exclusions:
-----------

    None


Unconditional classes:
----------------------

    org.springframework.boot.autoconfigure.context.ConfigurationPropertiesAutoConfiguration

    org.springframework.boot.autoconfigure.ssl.SslAutoConfiguration

    org.springframework.boot.autoconfigure.context.PropertyPlaceholderAutoConfiguration

    org.springframework.boot.autoconfigure.context.LifecycleAutoConfiguration

    org.springframework.boot.autoconfigure.availability.ApplicationAvailabilityAutoConfiguration

    org.springframework.boot.autoconfigure.info.ProjectInfoAutoConfiguration



2025-10-01T18:53:58.867-05:00  INFO 19412 --- [snixTennis] [           main] s.snixtennis.SnixtennisApplicationTests  : Started SnixtennisApplicationTests in 19.744 seconds (process running for 20.82)
2025-10-01T18:53:58.868-05:00 DEBUG 19412 --- [snixTennis] [           main] o.s.b.a.ApplicationAvailabilityBean      : Application availability state LivenessState changed to CORRECT
2025-10-01T18:53:58.870-05:00 DEBUG 19412 --- [snixTennis] [           main] o.s.boot.devtools.restart.Restarter      : Creating new Restarter for thread Thread[#3,main,5,main]
2025-10-01T18:53:58.871-05:00 DEBUG 19412 --- [snixTennis] [           main] o.s.b.a.ApplicationAvailabilityBean      : Application availability state ReadinessState changed to ACCEPTING_TRAFFIC
]]></system-out>
    <system-err><![CDATA[Mockito is currently self-attaching to enable the inline-mock-maker. This will no longer work in future releases of the JDK. Please add Mockito as an agent to your build as described in Mockito's documentation: https://javadoc.io/doc/org.mockito/mockito-core/latest/org.mockito/org/mockito/Mockito.html#0.3
WARNING: A Java agent has been loaded dynamically (C:\Users\sauma\.m2\repository\net\bytebuddy\byte-buddy-agent\1.17.5\byte-buddy-agent-1.17.5.jar)
WARNING: If a serviceability tool is in use, please run with -XX:+EnableDynamicAgentLoading to hide this warning
WARNING: If a serviceability tool is not in use, please run with -Djdk.instrument.traceUsage for more information
WARNING: Dynamic loading of agents will be disallowed by default in a future release
]]></system-err>
  </testcase>
</testsuite>